0	1	mikroCPIC1618.exe -MSF -DBG -pP18F44K22 -RA -DL -O11111114 -fo8 -N"C:\Users\murat\Downloads\lm35\lm35\lm35.mcppi" -SP"C:\Users\Public\Documents\Mikroelektronika\mikroC PRO for PIC\Defs\" -SP"C:\Users\Public\Documents\Mikroelektronika\mikroC PRO for PIC\uses\P18\" -SP"C:\Users\murat\Downloads\lm35\lm35\" -SP"D:\Program Files (x86)\Mikroelektronika\mikroC PRO for PIC\defs\" -SP"D:\Program Files (x86)\Mikroelektronika\mikroC PRO for PIC\Uses\P16\" -SP"C:\Users\Maytere\Desktop\lm35\" -SP"D:\Program Files\Mikroelektronika\mikroC PRO for PIC\defs\" -SP"D:\Program Files\Mikroelektronika\mikroC PRO for PIC\Uses\P16\" -IP"C:\Users\Public\Documents\Mikroelektronika\mikroC PRO for PIC\uses\P18\" "lm35.c" "__Lib_Math.mcl" "__Lib_MathDouble.mcl" "__Lib_System.mcl" "__Lib_Delays.mcl" "__Lib_CType.mcl" "__Lib_CString.mcl" "__Lib_CStdlib.mcl" "__Lib_CMath.mcl" "__Lib_MemManager.mcl" "__Lib_Conversions.mcl" "__Lib_Sprinti.mcl" "__Lib_Sprintl.mcl" "__Lib_Time.mcl" "__Lib_Trigonometry.mcl" "__Lib_Button.mcl" "__Lib_Keypad4x4.mcl" "__Lib_Manchester.mcl" "__Lib_OneWire.mcl" "__Lib_PS2.mcl" "__Lib_Sound.mcl" "__Lib_SoftI2C.mcl" "__Lib_SoftSPI.mcl" "__Lib_SoftUART.mcl" "__Lib_ADC_K22_B.mcl" "__Lib_EEPROM_256.mcl" "__Lib_FLASH_w64_e64.mcl" "__Lib_I2C_c34d01.mcl" "__Lib_SPI_c345d014.mcl" "__Lib_UART_c67d67.mcl" "__Lib_PortExpander.mcl" "__Lib_CANSPI.mcl" "__Lib_CF.mcl" "__Lib_GlcdFonts.mcl" "__Lib_Glcd.mcl" "__Lib_LcdConsts.mcl" "__Lib_Lcd.mcl" "__Lib_RS485.mcl" "__Lib_S1D13700.mcl" "__Lib_T6963C.mcl" "__Lib_SPIGlcd.mcl" "__Lib_SPILcd.mcl" "__Lib_SPILcd8.mcl" "__Lib_SPIT6963C.mcl" "__Lib_EthEnc28j60.mcl" "__Lib_EthEnc24j600.mcl" "__Lib_TouchPanel.mcl"	 
warning: 0	1501	Specified search path does not exist: 'D:\Program Files (x86)\Mikroelektronika\mikroC PRO for PIC\defs'	 
warning: 0	1501	Specified search path does not exist: 'D:\Program Files (x86)\Mikroelektronika\mikroC PRO for PIC\Uses\P16'	 
warning: 0	1501	Specified search path does not exist: 'C:\Users\Maytere\Desktop\lm35'	 
warning: 0	1501	Specified search path does not exist: 'D:\Program Files\Mikroelektronika\mikroC PRO for PIC\defs'	 
warning: 0	1501	Specified search path does not exist: 'D:\Program Files\Mikroelektronika\mikroC PRO for PIC\Uses\P16'	 
hint: 0	1139	Available RAM: 747 [bytes], Available ROM: 16384 [bytes]	 
diagnostics: 0	122	Compilation Started	P18F44K22.c
diagnostics: 2776	123	Compiled Successfully	P18F44K22.c
diagnostics: 0	122	Compilation Started	__Lib_Delays.c
diagnostics: 172	123	Compiled Successfully	__Lib_Delays.c
diagnostics: 0	122	Compilation Started	__Lib_MemManager.c
warning: 34	1508	Implicit conversion of int to ptr	__Lib_MemManager.c
diagnostics: 231	123	Compiled Successfully	__Lib_MemManager.c
diagnostics: 0	122	Compilation Started	__Lib_GlcdFonts.c
diagnostics: 1207	123	Compiled Successfully	__Lib_GlcdFonts.c
diagnostics: 0	122	Compilation Started	lm35.c
diagnostics: 58	123	Compiled Successfully	lm35.c
diagnostics: 0	127	All files Compiled in 219 ms	 
hint: 0	1144	Used RAM (bytes): 98 (13%)  Free RAM (bytes): 649 (87%)	Used RAM (bytes): 98 (13%)  Free RAM (bytes): 649 (87%)
hint: 0	1144	Used ROM (bytes): 3916 (24%)  Free ROM (bytes): 12468 (76%)	Used ROM (bytes): 3916 (24%)  Free ROM (bytes): 12468 (76%)
diagnostics: 0	125	Project Linked Successfully	lm35.mcppi
diagnostics: 0	128	Linked in 140 ms	 
diagnostics: 0	129	Project 'lm35.mcppi' completed: 1390 ms	 
diagnostics: 0	103	Finished successfully: 07 Þub 2023, 07:17:15	lm35.mcppi
