;  LST file generated by mikroListExporter - v.2.0 
; Date/Time: 4.02.2023 10:55:48
;----------------------------------------------

;Address Opcode 	ASM
0x0000	0x2D39      	GOTO       1337
_Delay_50us:
;__Lib_Delays.c,19 :: 		void Delay_50us() {
;__Lib_Delays.c,20 :: 		Delay_us(50);
0x0003	0x3010      	MOVLW      16
0x0004	0x1283      	BCF        STATUS, 5
0x0005	0x1303      	BCF        STATUS, 6
0x0006	0x00FD      	MOVWF      R13
L_Delay_50us2:
0x0007	0x0BFD      	DECFSZ     R13, 1
0x0008	0x2807      	GOTO       L_Delay_50us2
0x0009	0x0000      	NOP
;__Lib_Delays.c,21 :: 		}
L_end_Delay_50us:
0x000A	0x0008      	RETURN
; end of _Delay_50us
_Delay_5500us:
;__Lib_Delays.c,31 :: 		void Delay_5500us() {
;__Lib_Delays.c,32 :: 		Delay_us(5500);
0x000B	0x3008      	MOVLW      8
0x000C	0x1283      	BCF        STATUS, 5
0x000D	0x1303      	BCF        STATUS, 6
0x000E	0x00FC      	MOVWF      R12
0x000F	0x3023      	MOVLW      35
0x0010	0x00FD      	MOVWF      R13
L_Delay_5500us5:
0x0011	0x0BFD      	DECFSZ     R13, 1
0x0012	0x2811      	GOTO       L_Delay_5500us5
0x0013	0x0BFC      	DECFSZ     R12, 1
0x0014	0x2811      	GOTO       L_Delay_5500us5
;__Lib_Delays.c,33 :: 		}
L_end_Delay_5500us:
0x0015	0x0008      	RETURN
; end of _Delay_5500us
_Delay_1us:
;__Lib_Delays.c,7 :: 		void Delay_1us() {
;__Lib_Delays.c,8 :: 		Delay_us(1);
0x0016	0x0000      	NOP
;__Lib_Delays.c,9 :: 		}
L_end_Delay_1us:
0x0017	0x0008      	RETURN
; end of _Delay_1us
_SETFUN32:
;__Lib_MathDouble.c,138 :: 		
;__Lib_MathDouble.c,145 :: 		
0x0018	0x157B      	BSF        R11, 2
;__Lib_MathDouble.c,146 :: 		
0x0019	0x1FFB      	BTFSS      R11, 7
;__Lib_MathDouble.c,147 :: 		
0x001A	0x2822      	GOTO       SETFUN32EEE
;__Lib_MathDouble.c,148 :: 		
0x001B	0x3001      	MOVLW      1
;__Lib_MathDouble.c,149 :: 		
0x001C	0x00F3      	MOVWF      R3
;__Lib_MathDouble.c,150 :: 		
0x001D	0x01F2      	CLRF       R2
;__Lib_MathDouble.c,151 :: 		
0x001E	0x01F1      	CLRF       R1
;__Lib_MathDouble.c,152 :: 		
0x001F	0x01F0      	CLRF       R0
;__Lib_MathDouble.c,153 :: 		
0x0020	0x0DFA      	RLF        R10, 1
;__Lib_MathDouble.c,154 :: 		
0x0021	0x0CF2      	RRF        R2, 1
;__Lib_MathDouble.c,155 :: 		
SETFUN32EEE:
;__Lib_MathDouble.c,156 :: 		
0x0022	0x30FF      	MOVLW      255
;__Lib_MathDouble.c,158 :: 		
L_end_SETFUN32:
0x0023	0x0008      	RETURN
; end of _SETFUN32
_Lcd_Cmd:
;__Lib_Lcd.c,18 :: 		
;__Lib_Lcd.c,20 :: 		
0x0024	0x1283      	BCF        STATUS, 5
0x0025	0x1303      	BCF        STATUS, 6
0x0026	0x1BD9      	BTFSC      FARG_Lcd_Cmd_out_char, 7
0x0027	0x282A      	GOTO       L__Lcd_Cmd21
0x0028	0x1386      	BCF        LCD_D7, BitPos(LCD_D7+0)
0x0029	0x282B      	GOTO       L__Lcd_Cmd22
L__Lcd_Cmd21:
0x002A	0x1786      	BSF        LCD_D7, BitPos(LCD_D7+0)
L__Lcd_Cmd22:
;__Lib_Lcd.c,21 :: 		
0x002B	0x1B59      	BTFSC      FARG_Lcd_Cmd_out_char, 6
0x002C	0x282F      	GOTO       L__Lcd_Cmd23
0x002D	0x1306      	BCF        LCD_D6, BitPos(LCD_D6+0)
0x002E	0x2830      	GOTO       L__Lcd_Cmd24
L__Lcd_Cmd23:
0x002F	0x1706      	BSF        LCD_D6, BitPos(LCD_D6+0)
L__Lcd_Cmd24:
;__Lib_Lcd.c,22 :: 		
0x0030	0x1AD9      	BTFSC      FARG_Lcd_Cmd_out_char, 5
0x0031	0x2834      	GOTO       L__Lcd_Cmd25
0x0032	0x1286      	BCF        LCD_D5, BitPos(LCD_D5+0)
0x0033	0x2835      	GOTO       L__Lcd_Cmd26
L__Lcd_Cmd25:
0x0034	0x1686      	BSF        LCD_D5, BitPos(LCD_D5+0)
L__Lcd_Cmd26:
;__Lib_Lcd.c,23 :: 		
0x0035	0x1A59      	BTFSC      FARG_Lcd_Cmd_out_char, 4
0x0036	0x2839      	GOTO       L__Lcd_Cmd27
0x0037	0x1206      	BCF        LCD_D4, BitPos(LCD_D4+0)
0x0038	0x283A      	GOTO       L__Lcd_Cmd28
L__Lcd_Cmd27:
0x0039	0x1606      	BSF        LCD_D4, BitPos(LCD_D4+0)
L__Lcd_Cmd28:
;__Lib_Lcd.c,25 :: 		
0x003A	0x1832      	BTFSC      __Lib_Lcd_cmd_status, BitPos(__Lib_Lcd_cmd_status+0)
0x003B	0x283E      	GOTO       L__Lcd_Cmd29
0x003C	0x1506      	BSF        LCD_RS, BitPos(LCD_RS+0)
0x003D	0x283F      	GOTO       L__Lcd_Cmd30
L__Lcd_Cmd29:
0x003E	0x1106      	BCF        LCD_RS, BitPos(LCD_RS+0)
L__Lcd_Cmd30:
;__Lib_Lcd.c,28 :: 		
0x003F	0x1586      	BSF        LCD_EN, BitPos(LCD_EN+0)
;__Lib_Lcd.c,29 :: 		
0x0040	0x2016      	CALL       _Delay_1us
;__Lib_Lcd.c,30 :: 		
0x0041	0x1186      	BCF        LCD_EN, BitPos(LCD_EN+0)
;__Lib_Lcd.c,33 :: 		
0x0042	0x19D9      	BTFSC      FARG_Lcd_Cmd_out_char, 3
0x0043	0x2846      	GOTO       L__Lcd_Cmd31
0x0044	0x1386      	BCF        LCD_D7, BitPos(LCD_D7+0)
0x0045	0x2847      	GOTO       L__Lcd_Cmd32
L__Lcd_Cmd31:
0x0046	0x1786      	BSF        LCD_D7, BitPos(LCD_D7+0)
L__Lcd_Cmd32:
;__Lib_Lcd.c,34 :: 		
0x0047	0x1959      	BTFSC      FARG_Lcd_Cmd_out_char, 2
0x0048	0x284B      	GOTO       L__Lcd_Cmd33
0x0049	0x1306      	BCF        LCD_D6, BitPos(LCD_D6+0)
0x004A	0x284C      	GOTO       L__Lcd_Cmd34
L__Lcd_Cmd33:
0x004B	0x1706      	BSF        LCD_D6, BitPos(LCD_D6+0)
L__Lcd_Cmd34:
;__Lib_Lcd.c,35 :: 		
0x004C	0x18D9      	BTFSC      FARG_Lcd_Cmd_out_char, 1
0x004D	0x2850      	GOTO       L__Lcd_Cmd35
0x004E	0x1286      	BCF        LCD_D5, BitPos(LCD_D5+0)
0x004F	0x2851      	GOTO       L__Lcd_Cmd36
L__Lcd_Cmd35:
0x0050	0x1686      	BSF        LCD_D5, BitPos(LCD_D5+0)
L__Lcd_Cmd36:
;__Lib_Lcd.c,36 :: 		
0x0051	0x1859      	BTFSC      FARG_Lcd_Cmd_out_char, 0
0x0052	0x2855      	GOTO       L__Lcd_Cmd37
0x0053	0x1206      	BCF        LCD_D4, BitPos(LCD_D4+0)
0x0054	0x2856      	GOTO       L__Lcd_Cmd38
L__Lcd_Cmd37:
0x0055	0x1606      	BSF        LCD_D4, BitPos(LCD_D4+0)
L__Lcd_Cmd38:
;__Lib_Lcd.c,38 :: 		
0x0056	0x1832      	BTFSC      __Lib_Lcd_cmd_status, BitPos(__Lib_Lcd_cmd_status+0)
0x0057	0x285A      	GOTO       L__Lcd_Cmd39
0x0058	0x1506      	BSF        LCD_RS, BitPos(LCD_RS+0)
0x0059	0x285B      	GOTO       L__Lcd_Cmd40
L__Lcd_Cmd39:
0x005A	0x1106      	BCF        LCD_RS, BitPos(LCD_RS+0)
L__Lcd_Cmd40:
;__Lib_Lcd.c,40 :: 		
0x005B	0x1586      	BSF        LCD_EN, BitPos(LCD_EN+0)
;__Lib_Lcd.c,41 :: 		
0x005C	0x2016      	CALL       _Delay_1us
;__Lib_Lcd.c,42 :: 		
0x005D	0x1186      	BCF        LCD_EN, BitPos(LCD_EN+0)
;__Lib_Lcd.c,44 :: 		
0x005E	0x1C32      	BTFSS      __Lib_Lcd_cmd_status, BitPos(__Lib_Lcd_cmd_status+0)
0x005F	0x2862      	GOTO       L_Lcd_Cmd0
;__Lib_Lcd.c,45 :: 		
0x0060	0x200B      	CALL       _Delay_5500us
0x0061	0x2863      	GOTO       L_Lcd_Cmd1
L_Lcd_Cmd0:
;__Lib_Lcd.c,47 :: 		
0x0062	0x2003      	CALL       _Delay_50us
L_Lcd_Cmd1:
;__Lib_Lcd.c,48 :: 		
L_end_Lcd_Cmd:
0x0063	0x0008      	RETURN
; end of _Lcd_Cmd
_RES032:
;__Lib_MathDouble.c,123 :: 		
;__Lib_MathDouble.c,128 :: 		
0x0064	0x01F2      	CLRF       R2
;__Lib_MathDouble.c,129 :: 		
0x0065	0x01F1      	CLRF       R1
;__Lib_MathDouble.c,130 :: 		
0x0066	0x01F0      	CLRF       R0
;__Lib_MathDouble.c,131 :: 		
0x0067	0x01F8      	CLRF       R8
;__Lib_MathDouble.c,132 :: 		
0x0068	0x01F3      	CLRF       R3
;__Lib_MathDouble.c,133 :: 		
0x0069	0x3000      	MOVLW      0
;__Lib_MathDouble.c,135 :: 		
L_end_RES032:
0x006A	0x0008      	RETURN
; end of _RES032
_FIXSIGN32:
;__Lib_MathDouble.c,112 :: 		
;__Lib_MathDouble.c,116 :: 		
0x006B	0x1FFA      	BTFSS      R10, 7
;__Lib_MathDouble.c,117 :: 		
0x006C	0x13F2      	BCF        R2, 7
;__Lib_MathDouble.c,118 :: 		
0x006D	0x3000      	MOVLW      0
;__Lib_MathDouble.c,120 :: 		
L_end_FIXSIGN32:
0x006E	0x0008      	RETURN
; end of _FIXSIGN32
_SETFOV32:
;__Lib_MathDouble.c,79 :: 		
;__Lib_MathDouble.c,86 :: 		
0x006F	0x14FB      	BSF        R11, 1
;__Lib_MathDouble.c,87 :: 		
0x0070	0x1FFB      	BTFSS      R11, 7
;__Lib_MathDouble.c,88 :: 		
0x0071	0x2879      	GOTO       SETFOV32EEE
;__Lib_MathDouble.c,89 :: 		
0x0072	0x30FF      	MOVLW      255
;__Lib_MathDouble.c,90 :: 		
0x0073	0x00F3      	MOVWF      R3
;__Lib_MathDouble.c,91 :: 		
0x0074	0x00F2      	MOVWF      R2
;__Lib_MathDouble.c,92 :: 		
0x0075	0x00F1      	MOVWF      R1
;__Lib_MathDouble.c,93 :: 		
0x0076	0x00F0      	MOVWF      R0
;__Lib_MathDouble.c,94 :: 		
0x0077	0x0DFA      	RLF        R10, 1
;__Lib_MathDouble.c,95 :: 		
0x0078	0x0CF2      	RRF        R2, 1
;__Lib_MathDouble.c,96 :: 		
SETFOV32EEE:
;__Lib_MathDouble.c,97 :: 		
0x0079	0x30FF      	MOVLW      255
;__Lib_MathDouble.c,99 :: 		
L_end_SETFOV32:
0x007A	0x0008      	RETURN
; end of _SETFOV32
_Delay_80us:
;__Lib_Delays.c,23 :: 		void Delay_80us() {
;__Lib_Delays.c,24 :: 		Delay_us(78);
0x007B	0x3019      	MOVLW      25
0x007C	0x1283      	BCF        STATUS, 5
0x007D	0x1303      	BCF        STATUS, 6
0x007E	0x00FD      	MOVWF      R13
L_Delay_80us3:
0x007F	0x0BFD      	DECFSZ     R13, 1
0x0080	0x287F      	GOTO       L_Delay_80us3
0x0081	0x0000      	NOP
0x0082	0x0000      	NOP
;__Lib_Delays.c,25 :: 		}
L_end_Delay_80us:
0x0083	0x0008      	RETURN
; end of _Delay_80us
_Delay_500us:
;__Lib_Delays.c,27 :: 		void Delay_500us() {
;__Lib_Delays.c,28 :: 		Delay_us(498);
0x0084	0x30A5      	MOVLW      165
0x0085	0x1283      	BCF        STATUS, 5
0x0086	0x1303      	BCF        STATUS, 6
0x0087	0x00FD      	MOVWF      R13
L_Delay_500us4:
0x0088	0x0BFD      	DECFSZ     R13, 1
0x0089	0x2888      	GOTO       L_Delay_500us4
0x008A	0x0000      	NOP
0x008B	0x0000      	NOP
;__Lib_Delays.c,29 :: 		}
L_end_Delay_500us:
0x008C	0x0008      	RETURN
; end of _Delay_500us
_Lcd_Chr_CP:
;__Lib_Lcd.c,50 :: 		
;__Lib_Lcd.c,52 :: 		
0x008D	0x1283      	BCF        STATUS, 5
0x008E	0x1303      	BCF        STATUS, 6
0x008F	0x1032      	BCF        __Lib_Lcd_cmd_status, BitPos(__Lib_Lcd_cmd_status+0)
;__Lib_Lcd.c,53 :: 		
0x0090	0x0857      	MOVF       FARG_Lcd_Chr_CP_out_char, 0
0x0091	0x00D9      	MOVWF      FARG_Lcd_Cmd_out_char
0x0092	0x2024      	CALL       _Lcd_Cmd
;__Lib_Lcd.c,54 :: 		
0x0093	0x1432      	BSF        __Lib_Lcd_cmd_status, BitPos(__Lib_Lcd_cmd_status+0)
;__Lib_Lcd.c,55 :: 		
L_end_Lcd_Chr_CP:
0x0094	0x0008      	RETURN
; end of _Lcd_Chr_CP
_NRM3232:
;__Lib_MathDouble.c,167 :: 		
;__Lib_MathDouble.c,173 :: 		
;__Lib_MathDouble.c,175 :: 		
0x0095	0x01A0      	CLRF       __math_tempbD
;__Lib_MathDouble.c,176 :: 		
0x0096	0x0872      	MOVF       R2, 0
;__Lib_MathDouble.c,177 :: 		
0x0097	0x1D03      	BTFSS      STATUS, 2
;__Lib_MathDouble.c,178 :: 		
0x0098	0x28AA      	GOTO       NORM3232
;__Lib_MathDouble.c,179 :: 		
0x0099	0x0871      	MOVF       R1, 0
;__Lib_MathDouble.c,180 :: 		
0x009A	0x00F2      	MOVWF      R2
;__Lib_MathDouble.c,181 :: 		
0x009B	0x0870      	MOVF       R0, 0
;__Lib_MathDouble.c,182 :: 		
0x009C	0x00F1      	MOVWF      R1
;__Lib_MathDouble.c,183 :: 		
0x009D	0x01F0      	CLRF       R0
;__Lib_MathDouble.c,184 :: 		
0x009E	0x15A0      	BSF        __math_tempbD, 3
;__Lib_MathDouble.c,186 :: 		
0x009F	0x0872      	MOVF       R2, 0
;__Lib_MathDouble.c,187 :: 		
0x00A0	0x1D03      	BTFSS      STATUS, 2
;__Lib_MathDouble.c,188 :: 		
0x00A1	0x28AA      	GOTO       NORM3232
;__Lib_MathDouble.c,189 :: 		
0x00A2	0x0871      	MOVF       R1, 0
;__Lib_MathDouble.c,190 :: 		
0x00A3	0x00F2      	MOVWF      R2
;__Lib_MathDouble.c,191 :: 		
0x00A4	0x01F1      	CLRF       R1
;__Lib_MathDouble.c,192 :: 		
0x00A5	0x11A0      	BCF        __math_tempbD, 3
;__Lib_MathDouble.c,193 :: 		
0x00A6	0x1620      	BSF        __math_tempbD, 4
;__Lib_MathDouble.c,195 :: 		
0x00A7	0x0872      	MOVF       R2, 0
;__Lib_MathDouble.c,196 :: 		
0x00A8	0x1903      	BTFSC      STATUS, 2
;__Lib_MathDouble.c,197 :: 		
0x00A9	0x28B8      	GOTO       JPNRES032
;__Lib_MathDouble.c,198 :: 		
NORM3232:
;__Lib_MathDouble.c,199 :: 		
0x00AA	0x0820      	MOVF       __math_tempbD, 0
;__Lib_MathDouble.c,200 :: 		
0x00AB	0x02F3      	SUBWF      R3, 1
;__Lib_MathDouble.c,201 :: 		
0x00AC	0x1D03      	BTFSS      STATUS, 2
;__Lib_MathDouble.c,202 :: 		
0x00AD	0x1C03      	BTFSS      STATUS, 0
;__Lib_MathDouble.c,203 :: 		
0x00AE	0x28BC      	GOTO       JPNSETFUN32
;__Lib_MathDouble.c,204 :: 		
0x00AF	0x1003      	BCF        STATUS, 0
;__Lib_MathDouble.c,205 :: 		
NORM3232A:
;__Lib_MathDouble.c,206 :: 		
0x00B0	0x1BF2      	BTFSC      R2, 7
;__Lib_MathDouble.c,207 :: 		
0x00B1	0x28C0      	GOTO       JMPNFIXSIGN32
;__Lib_MathDouble.c,208 :: 		
0x00B2	0x0DF0      	RLF        R0, 1
;__Lib_MathDouble.c,209 :: 		
0x00B3	0x0DF1      	RLF        R1, 1
;__Lib_MathDouble.c,210 :: 		
0x00B4	0x0DF2      	RLF        R2, 1
;__Lib_MathDouble.c,211 :: 		
0x00B5	0x0BF3      	DECFSZ     R3, 1
;__Lib_MathDouble.c,212 :: 		
0x00B6	0x28B0      	GOTO       NORM3232A
;__Lib_MathDouble.c,213 :: 		
0x00B7	0x28BC      	GOTO       JPNSETFUN32
;__Lib_MathDouble.c,214 :: 		
JPNRES032:
;__Lib_MathDouble.c,215 :: 		
0x00B8	0x3001      	MOVLW      1
;__Lib_MathDouble.c,216 :: 		
0x00B9	0x00FC      	MOVWF      R12
;__Lib_MathDouble.c,218 :: 		
0x00BA	0x2064      	CALL       _RES032
;__Lib_MathDouble.c,220 :: 		
0x00BB	0x28C3      	GOTO       NORM32EEE
;__Lib_MathDouble.c,221 :: 		
JPNSETFUN32:
;__Lib_MathDouble.c,222 :: 		
0x00BC	0x3002      	MOVLW      2
;__Lib_MathDouble.c,223 :: 		
0x00BD	0x00FC      	MOVWF      R12
;__Lib_MathDouble.c,225 :: 		
0x00BE	0x2018      	CALL       _SETFUN32
;__Lib_MathDouble.c,227 :: 		
0x00BF	0x28C3      	GOTO       NORM32EEE
;__Lib_MathDouble.c,228 :: 		
JMPNFIXSIGN32:
;__Lib_MathDouble.c,229 :: 		
0x00C0	0x3004      	MOVLW      4
;__Lib_MathDouble.c,230 :: 		
0x00C1	0x00FC      	MOVWF      R12
;__Lib_MathDouble.c,232 :: 		
0x00C2	0x206B      	CALL       _FIXSIGN32
;__Lib_MathDouble.c,234 :: 		
NORM32EEE:
;__Lib_MathDouble.c,236 :: 		
L_end_NRM3232:
0x00C3	0x0008      	RETURN
; end of _NRM3232
_Compare_Double:
;__Lib_MathDouble.c,2053 :: 		
;__Lib_MathDouble.c,2062 :: 		
;__Lib_MathDouble.c,2064 :: 		
0x00C4	0x1283      	BCF        STATUS, 5
;__Lib_MathDouble.c,2065 :: 		
0x00C5	0x1303      	BCF        STATUS, 6
;__Lib_MathDouble.c,2067 :: 		
0x00C6	0x01FA      	CLRF       R10
;__Lib_MathDouble.c,2068 :: 		
0x00C7	0x0873      	MOVF       R3, 0
;__Lib_MathDouble.c,2069 :: 		
0x00C8	0x1D03      	BTFSS      STATUS, 2
;__Lib_MathDouble.c,2070 :: 		
0x00C9	0x147A      	BSF        R10, 0
;__Lib_MathDouble.c,2071 :: 		
0x00CA	0x0877      	MOVF       R7, 0
;__Lib_MathDouble.c,2072 :: 		
0x00CB	0x1D03      	BTFSS      STATUS, 2
;__Lib_MathDouble.c,2073 :: 		
0x00CC	0x14FA      	BSF        R10, 1
;__Lib_MathDouble.c,2075 :: 		
0x00CD	0x087A      	MOVF       R10, 0
;__Lib_MathDouble.c,2076 :: 		
0x00CE	0x1903      	BTFSC      STATUS, 2
;__Lib_MathDouble.c,2077 :: 		
0x00CF	0x2910      	GOTO       COMPARE_EQU
;__Lib_MathDouble.c,2078 :: 		
0x00D0	0x3A03      	XORLW      3
;__Lib_MathDouble.c,2079 :: 		
0x00D1	0x1903      	BTFSC      STATUS, 2
;__Lib_MathDouble.c,2080 :: 		
0x00D2	0x28DB      	GOTO       COMPARE_NOTZERO
;__Lib_MathDouble.c,2082 :: 		
0x00D3	0x187A      	BTFSC      R10, 0
;__Lib_MathDouble.c,2083 :: 		
0x00D4	0x28D8      	GOTO       COMPARE_XNOTZERO
;__Lib_MathDouble.c,2085 :: 		
0x00D5	0x1FF6      	BTFSS      R6, 7
;__Lib_MathDouble.c,2086 :: 		
0x00D6	0x290E      	GOTO       COMPARE_LT
;__Lib_MathDouble.c,2087 :: 		
0x00D7	0x290C      	GOTO       COMPARE_GT
;__Lib_MathDouble.c,2088 :: 		
COMPARE_XNOTZERO:
;__Lib_MathDouble.c,2089 :: 		
0x00D8	0x1FF2      	BTFSS      R2, 7
;__Lib_MathDouble.c,2090 :: 		
0x00D9	0x290C      	GOTO       COMPARE_GT
;__Lib_MathDouble.c,2091 :: 		
0x00DA	0x290E      	GOTO       COMPARE_LT
;__Lib_MathDouble.c,2093 :: 		
COMPARE_NOTZERO:
;__Lib_MathDouble.c,2094 :: 		
0x00DB	0x0872      	MOVF       R2, 0
;__Lib_MathDouble.c,2095 :: 		
0x00DC	0x3980      	ANDLW      128
;__Lib_MathDouble.c,2096 :: 		
0x00DD	0x00FA      	MOVWF      R10
;__Lib_MathDouble.c,2097 :: 		
0x00DE	0x13F2      	BCF        R2, 7
;__Lib_MathDouble.c,2099 :: 		
0x00DF	0x0876      	MOVF       R6, 0
;__Lib_MathDouble.c,2100 :: 		
0x00E0	0x3980      	ANDLW      128
;__Lib_MathDouble.c,2101 :: 		
0x00E1	0x13F6      	BCF        R6, 7
;__Lib_MathDouble.c,2103 :: 		
0x00E2	0x067A      	XORWF      R10, 0
;__Lib_MathDouble.c,2104 :: 		
0x00E3	0x1903      	BTFSC      STATUS, 2
;__Lib_MathDouble.c,2105 :: 		
0x00E4	0x28E9      	GOTO       COMPARE_TESTALL
;__Lib_MathDouble.c,2107 :: 		
0x00E5	0x087A      	MOVF       R10, 0
;__Lib_MathDouble.c,2108 :: 		
0x00E6	0x1903      	BTFSC      STATUS, 2
;__Lib_MathDouble.c,2109 :: 		
0x00E7	0x290C      	GOTO       COMPARE_GT
;__Lib_MathDouble.c,2110 :: 		
0x00E8	0x290E      	GOTO       COMPARE_LT
;__Lib_MathDouble.c,2112 :: 		
COMPARE_TESTALL:
;__Lib_MathDouble.c,2113 :: 		
0x00E9	0x0877      	MOVF       R7, 0
;__Lib_MathDouble.c,2114 :: 		
0x00EA	0x0273      	SUBWF      R3, 0
;__Lib_MathDouble.c,2115 :: 		
0x00EB	0x1903      	BTFSC      STATUS, 2
;__Lib_MathDouble.c,2116 :: 		
0x00EC	0x28F0      	GOTO       COMPARE_C1
;__Lib_MathDouble.c,2117 :: 		
0x00ED	0x1C03      	BTFSS      STATUS, 0
;__Lib_MathDouble.c,2118 :: 		
0x00EE	0x2904      	GOTO       GT_FALSE
;__Lib_MathDouble.c,2119 :: 		
0x00EF	0x2908      	GOTO       GT_TRUE
;__Lib_MathDouble.c,2120 :: 		
COMPARE_C1:
;__Lib_MathDouble.c,2121 :: 		
0x00F0	0x0876      	MOVF       R6, 0
;__Lib_MathDouble.c,2122 :: 		
0x00F1	0x0272      	SUBWF      R2, 0
;__Lib_MathDouble.c,2123 :: 		
0x00F2	0x1903      	BTFSC      STATUS, 2
;__Lib_MathDouble.c,2124 :: 		
0x00F3	0x28F7      	GOTO       COMPARE_C2
;__Lib_MathDouble.c,2125 :: 		
0x00F4	0x1C03      	BTFSS      STATUS, 0
;__Lib_MathDouble.c,2126 :: 		
0x00F5	0x2904      	GOTO       GT_FALSE
;__Lib_MathDouble.c,2127 :: 		
0x00F6	0x2908      	GOTO       GT_TRUE
;__Lib_MathDouble.c,2128 :: 		
COMPARE_C2:
;__Lib_MathDouble.c,2129 :: 		
0x00F7	0x0875      	MOVF       R5, 0
;__Lib_MathDouble.c,2130 :: 		
0x00F8	0x0271      	SUBWF      R1, 0
;__Lib_MathDouble.c,2131 :: 		
0x00F9	0x1903      	BTFSC      STATUS, 2
;__Lib_MathDouble.c,2132 :: 		
0x00FA	0x28FE      	GOTO       COMPARE_C3
;__Lib_MathDouble.c,2133 :: 		
0x00FB	0x1C03      	BTFSS      STATUS, 0
;__Lib_MathDouble.c,2134 :: 		
0x00FC	0x2904      	GOTO       GT_FALSE
;__Lib_MathDouble.c,2135 :: 		
0x00FD	0x2908      	GOTO       GT_TRUE
;__Lib_MathDouble.c,2136 :: 		
COMPARE_C3:
;__Lib_MathDouble.c,2137 :: 		
0x00FE	0x0874      	MOVF       R4, 0
;__Lib_MathDouble.c,2138 :: 		
0x00FF	0x0270      	SUBWF      R0, 0
;__Lib_MathDouble.c,2139 :: 		
0x0100	0x1903      	BTFSC      STATUS, 2
;__Lib_MathDouble.c,2140 :: 		
0x0101	0x2910      	GOTO       COMPARE_EQU
;__Lib_MathDouble.c,2141 :: 		
0x0102	0x1803      	BTFSC      STATUS, 0
;__Lib_MathDouble.c,2142 :: 		
0x0103	0x2908      	GOTO       GT_TRUE
;__Lib_MathDouble.c,2144 :: 		
GT_FALSE:
;__Lib_MathDouble.c,2145 :: 		
0x0104	0x08FA      	MOVF       R10, 1
;__Lib_MathDouble.c,2146 :: 		
0x0105	0x1903      	BTFSC      STATUS, 2
;__Lib_MathDouble.c,2147 :: 		
0x0106	0x290E      	GOTO       COMPARE_LT
;__Lib_MathDouble.c,2148 :: 		
0x0107	0x290C      	GOTO       COMPARE_GT
;__Lib_MathDouble.c,2149 :: 		
GT_TRUE:
;__Lib_MathDouble.c,2150 :: 		
0x0108	0x08FA      	MOVF       R10, 1
;__Lib_MathDouble.c,2151 :: 		
0x0109	0x1903      	BTFSC      STATUS, 2
;__Lib_MathDouble.c,2152 :: 		
0x010A	0x290C      	GOTO       COMPARE_GT
;__Lib_MathDouble.c,2153 :: 		
0x010B	0x290E      	GOTO       COMPARE_LT
;__Lib_MathDouble.c,2155 :: 		
COMPARE_GT:
;__Lib_MathDouble.c,2158 :: 		
0x010C	0x1403      	BSF        STATUS, 0
;__Lib_MathDouble.c,2159 :: 		
0x010D	0x0008      	RETURN
;__Lib_MathDouble.c,2160 :: 		
COMPARE_LT:
;__Lib_MathDouble.c,2163 :: 		
0x010E	0x1003      	BCF        STATUS, 0
;__Lib_MathDouble.c,2164 :: 		
0x010F	0x0008      	RETURN
;__Lib_MathDouble.c,2165 :: 		
COMPARE_EQU:
;__Lib_MathDouble.c,2168 :: 		
0x0110	0x1403      	BSF        STATUS, 0
;__Lib_MathDouble.c,2169 :: 		
0x0111	0x1503      	BSF        STATUS, 2
;__Lib_MathDouble.c,2170 :: 		
0x0112	0x0008      	RETURN
;__Lib_MathDouble.c,2172 :: 		
L_end_Compare_Double:
0x0113	0x0008      	RETURN
; end of _Compare_Double
_____DoICP:
;__Lib_System.c,6 :: 		
;__Lib_System.c,9 :: 		
0x0114	0x1283      	BCF        STATUS, 5
0x0115	0x1303      	BCF        STATUS, 6
0x0116	0x0831      	MOVF       ___DoICPAddr+1, 0
0x0117	0x008A      	MOVWF      PCLATH
;__Lib_System.c,10 :: 		
0x0118	0x0830      	MOVF       ___DoICPAddr, 0
0x0119	0x0082      	MOVWF      PCL
;__Lib_System.c,12 :: 		
L_end_____DoICP:
0x011A	0x0008      	RETURN
; end of _____DoICP
_Div_8X8_S:
;__Lib_Math.c,607 :: 		
;__Lib_Math.c,615 :: 		
0x011B	0x1283      	BCF        STATUS, 5
;__Lib_Math.c,616 :: 		
0x011C	0x1303      	BCF        STATUS, 6
;__Lib_Math.c,617 :: 		
0x011D	0x01FD      	CLRF       R13
;__Lib_Math.c,618 :: 		
0x011E	0x01F8      	CLRF       R8
;__Lib_Math.c,619 :: 		
0x011F	0x0870      	MOVF       R0, 0
;__Lib_Math.c,620 :: 		
0x0120	0x1903      	BTFSC      STATUS, 2
;__Lib_Math.c,621 :: 		
0x0121	0x3400      	RETLW      0
;__Lib_Math.c,622 :: 		
0x0122	0x0674      	XORWF      R4, 0
;__Lib_Math.c,623 :: 		
0x0123	0x00FA      	MOVWF      R10
;__Lib_Math.c,624 :: 		
0x0124	0x1BFA      	BTFSC      R10, 7
;__Lib_Math.c,625 :: 		
0x0125	0x09FD      	COMF       R13, 1
;__Lib_Math.c,626 :: 		
0x0126	0x01FB      	CLRF       R11
;__Lib_Math.c,627 :: 		
0x0127	0x1FF4      	BTFSS      R4, 7
;__Lib_Math.c,628 :: 		
0x0128	0x292B      	GOTO       $+3
;__Lib_Math.c,629 :: 		
0x0129	0x09F4      	COMF       R4, 1
;__Lib_Math.c,630 :: 		
0x012A	0x0AF4      	INCF       R4, 1
;__Lib_Math.c,631 :: 		
0x012B	0x1FF0      	BTFSS      R0, 7
;__Lib_Math.c,632 :: 		
0x012C	0x292F      	GOTO       $+3
;__Lib_Math.c,633 :: 		
0x012D	0x09F0      	COMF       R0, 1
;__Lib_Math.c,634 :: 		
0x012E	0x0AF0      	INCF       R0, 1
;__Lib_Math.c,635 :: 		
0x012F	0x0870      	MOVF       R0, 0
;__Lib_Math.c,636 :: 		
0x0130	0x0474      	IORWF      R4, 0
;__Lib_Math.c,637 :: 		
0x0131	0x00FA      	MOVWF      R10
;__Lib_Math.c,638 :: 		
0x0132	0x1BFA      	BTFSC      R10, 7
;__Lib_Math.c,639 :: 		
0x0133	0x2953      	GOTO       $+32
;__Lib_Math.c,640 :: 		
0x0134	0x0874      	MOVF       R4, 0
;__Lib_Math.c,641 :: 		
0x0135	0x02F8      	SUBWF      R8, 1
;__Lib_Math.c,642 :: 		
0x0136	0x0DF0      	RLF        R0, 1
;__Lib_Math.c,643 :: 		
0x0137	0x0D70      	RLF        R0, 0
;__Lib_Math.c,644 :: 		
0x0138	0x0DF8      	RLF        R8, 1
;__Lib_Math.c,645 :: 		
0x0139	0x0874      	MOVF       R4, 0
;__Lib_Math.c,646 :: 		
0x013A	0x07F8      	ADDWF      R8, 1
;__Lib_Math.c,647 :: 		
0x013B	0x0DF0      	RLF        R0, 1
;__Lib_Math.c,648 :: 		
0x013C	0x3006      	MOVLW      6
;__Lib_Math.c,649 :: 		
0x013D	0x00FC      	MOVWF      R12
;__Lib_Math.c,650 :: 		
0x013E	0x0D70      	RLF        R0, 0
;__Lib_Math.c,651 :: 		
0x013F	0x0DF8      	RLF        R8, 1
;__Lib_Math.c,652 :: 		
0x0140	0x0874      	MOVF       R4, 0
;__Lib_Math.c,653 :: 		
0x0141	0x1870      	BTFSC      R0, 0
;__Lib_Math.c,654 :: 		
0x0142	0x02F8      	SUBWF      R8, 1
;__Lib_Math.c,655 :: 		
0x0143	0x1C70      	BTFSS      R0, 0
;__Lib_Math.c,656 :: 		
0x0144	0x07F8      	ADDWF      R8, 1
;__Lib_Math.c,657 :: 		
0x0145	0x0DF0      	RLF        R0, 1
;__Lib_Math.c,658 :: 		
0x0146	0x0BFC      	DECFSZ     R12, 1
;__Lib_Math.c,659 :: 		
0x0147	0x293E      	GOTO       $-9
;__Lib_Math.c,660 :: 		
0x0148	0x1C70      	BTFSS      R0, 0
;__Lib_Math.c,661 :: 		
0x0149	0x07F8      	ADDWF      R8, 1
;__Lib_Math.c,662 :: 		
0x014A	0x187B      	BTFSC      R11, 0
;__Lib_Math.c,663 :: 		
0x014B	0x2961      	GOTO       $+22
;__Lib_Math.c,664 :: 		
0x014C	0x1FFD      	BTFSS      R13, 7
;__Lib_Math.c,665 :: 		
0x014D	0x3400      	RETLW      0
;__Lib_Math.c,666 :: 		
0x014E	0x09F0      	COMF       R0, 1
;__Lib_Math.c,667 :: 		
0x014F	0x0AF0      	INCF       R0, 1
;__Lib_Math.c,668 :: 		
0x0150	0x09F8      	COMF       R8, 1
;__Lib_Math.c,669 :: 		
0x0151	0x0AF8      	INCF       R8, 1
;__Lib_Math.c,670 :: 		
0x0152	0x3400      	RETLW      0
;__Lib_Math.c,671 :: 		
0x0153	0x1FF4      	BTFSS      R4, 7
;__Lib_Math.c,672 :: 		
0x0154	0x295E      	GOTO       $+10
;__Lib_Math.c,673 :: 		
0x0155	0x1BF0      	BTFSC      R0, 7
;__Lib_Math.c,674 :: 		
0x0156	0x295B      	GOTO       $+5
;__Lib_Math.c,675 :: 		
0x0157	0x0870      	MOVF       R0, 0
;__Lib_Math.c,676 :: 		
0x0158	0x00F8      	MOVWF      R8
;__Lib_Math.c,677 :: 		
0x0159	0x01F0      	CLRF       R0
;__Lib_Math.c,678 :: 		
0x015A	0x294C      	GOTO       $-14
;__Lib_Math.c,679 :: 		
0x015B	0x01F0      	CLRF       R0
;__Lib_Math.c,680 :: 		
0x015C	0x0AF0      	INCF       R0, 1
;__Lib_Math.c,681 :: 		
0x015D	0x3400      	RETLW      0
;__Lib_Math.c,682 :: 		
0x015E	0x09F0      	COMF       R0, 1
;__Lib_Math.c,683 :: 		
0x015F	0x0AFB      	INCF       R11, 1
;__Lib_Math.c,684 :: 		
0x0160	0x2934      	GOTO       $-44
;__Lib_Math.c,685 :: 		
0x0161	0x0AF8      	INCF       R8, 1
;__Lib_Math.c,686 :: 		
0x0162	0x0874      	MOVF       R4, 0
;__Lib_Math.c,687 :: 		
0x0163	0x0278      	SUBWF      R8, 0
;__Lib_Math.c,688 :: 		
0x0164	0x1D03      	BTFSS      STATUS, 2
;__Lib_Math.c,689 :: 		
0x0165	0x294C      	GOTO       $-25
;__Lib_Math.c,690 :: 		
0x0166	0x01F8      	CLRF       R8
;__Lib_Math.c,691 :: 		
0x0167	0x0AF0      	INCF       R0, 1
;__Lib_Math.c,692 :: 		
0x0168	0x1FF0      	BTFSS      R0, 7
;__Lib_Math.c,693 :: 		
0x0169	0x294C      	GOTO       $-29
;__Lib_Math.c,694 :: 		
0x016A	0x34FF      	RETLW      255
;__Lib_Math.c,696 :: 		
L_end_Div_8X8_S:
0x016B	0x0008      	RETURN
; end of _Div_8X8_S
_Mul_32x32_FP:
;__Lib_MathDouble.c,610 :: 		
;__Lib_MathDouble.c,622 :: 		
;__Lib_MathDouble.c,624 :: 		
0x016C	0x1283      	BCF        STATUS, 5
;__Lib_MathDouble.c,625 :: 		
0x016D	0x1303      	BCF        STATUS, 6
;__Lib_MathDouble.c,627 :: 		
0x016E	0x01FB      	CLRF       R11
;__Lib_MathDouble.c,628 :: 		
0x016F	0x0873      	MOVF       R3, 0
;__Lib_MathDouble.c,629 :: 		
0x0170	0x1D03      	BTFSS      STATUS, 2
;__Lib_MathDouble.c,630 :: 		
0x0171	0x0877      	MOVF       R7, 0
;__Lib_MathDouble.c,631 :: 		
0x0172	0x1903      	BTFSC      STATUS, 2
;__Lib_MathDouble.c,632 :: 		
0x0173	0x29C3      	GOTO       JPMRES032
;__Lib_MathDouble.c,634 :: 		
0x0174	0x0872      	MOVF       R2, 0
;__Lib_MathDouble.c,635 :: 		
0x0175	0x0676      	XORWF      R6, 0
;__Lib_MathDouble.c,636 :: 		
0x0176	0x00FA      	MOVWF      R10
;__Lib_MathDouble.c,637 :: 		
0x0177	0x0877      	MOVF       R7, 0
;__Lib_MathDouble.c,638 :: 		
0x0178	0x07F3      	ADDWF      R3, 1
;__Lib_MathDouble.c,639 :: 		
0x0179	0x307E      	MOVLW      126
;__Lib_MathDouble.c,640 :: 		
0x017A	0x1C03      	BTFSS      STATUS, 0
;__Lib_MathDouble.c,641 :: 		
0x017B	0x2980      	GOTO       MTUN32
;__Lib_MathDouble.c,642 :: 		
0x017C	0x02F3      	SUBWF      R3, 1
;__Lib_MathDouble.c,643 :: 		
0x017D	0x1803      	BTFSC      STATUS, 0
;__Lib_MathDouble.c,644 :: 		
0x017E	0x29C6      	GOTO       JPMSETFOV32
;__Lib_MathDouble.c,645 :: 		
0x017F	0x2983      	GOTO       MOK32
;__Lib_MathDouble.c,646 :: 		
MTUN32:
;__Lib_MathDouble.c,647 :: 		
0x0180	0x02F3      	SUBWF      R3, 1
;__Lib_MathDouble.c,648 :: 		
0x0181	0x1C03      	BTFSS      STATUS, 0
;__Lib_MathDouble.c,649 :: 		
0x0182	0x29C9      	GOTO       JPMSETFUN32
;__Lib_MathDouble.c,650 :: 		
MOK32:
;__Lib_MathDouble.c,651 :: 		
0x0183	0x0872      	MOVF       R2, 0
;__Lib_MathDouble.c,652 :: 		
0x0184	0x00F8      	MOVWF      R8
;__Lib_MathDouble.c,653 :: 		
0x0185	0x0871      	MOVF       R1, 0
;__Lib_MathDouble.c,654 :: 		
0x0186	0x00FC      	MOVWF      R12
;__Lib_MathDouble.c,655 :: 		
0x0187	0x0870      	MOVF       R0, 0
;__Lib_MathDouble.c,656 :: 		
0x0188	0x00FD      	MOVWF      R13
;__Lib_MathDouble.c,657 :: 		
0x0189	0x17F8      	BSF        R8, 7
;__Lib_MathDouble.c,658 :: 		
0x018A	0x17F6      	BSF        R6, 7
;__Lib_MathDouble.c,659 :: 		
0x018B	0x1003      	BCF        STATUS, 0
;__Lib_MathDouble.c,660 :: 		
0x018C	0x01F2      	CLRF       R2
;__Lib_MathDouble.c,661 :: 		
0x018D	0x01F1      	CLRF       R1
;__Lib_MathDouble.c,662 :: 		
0x018E	0x01F0      	CLRF       R0
;__Lib_MathDouble.c,663 :: 		
0x018F	0x3018      	MOVLW      24
;__Lib_MathDouble.c,664 :: 		
0x0190	0x00A0      	MOVWF      __math_tempbD
;__Lib_MathDouble.c,665 :: 		
MLOOP32:
;__Lib_MathDouble.c,666 :: 		
0x0191	0x1C7D      	BTFSS      R13, 0
;__Lib_MathDouble.c,667 :: 		
0x0192	0x299D      	GOTO       MNOADD32
;__Lib_MathDouble.c,669 :: 		
0x0193	0x0874      	MOVF       R4, 0
;__Lib_MathDouble.c,670 :: 		
0x0194	0x07F0      	ADDWF      R0, 1
;__Lib_MathDouble.c,671 :: 		
0x0195	0x0875      	MOVF       R5, 0
;__Lib_MathDouble.c,672 :: 		
0x0196	0x1803      	BTFSC      STATUS, 0
;__Lib_MathDouble.c,673 :: 		
0x0197	0x0F75      	INCFSZ     R5, 0
;__Lib_MathDouble.c,674 :: 		
0x0198	0x07F1      	ADDWF      R1, 1
;__Lib_MathDouble.c,675 :: 		
0x0199	0x0876      	MOVF       R6, 0
;__Lib_MathDouble.c,676 :: 		
0x019A	0x1803      	BTFSC      STATUS, 0
;__Lib_MathDouble.c,677 :: 		
0x019B	0x0F76      	INCFSZ     R6, 0
;__Lib_MathDouble.c,678 :: 		
0x019C	0x07F2      	ADDWF      R2, 1
;__Lib_MathDouble.c,679 :: 		
MNOADD32:
;__Lib_MathDouble.c,680 :: 		
0x019D	0x0CF2      	RRF        R2, 1
;__Lib_MathDouble.c,681 :: 		
0x019E	0x0CF1      	RRF        R1, 1
;__Lib_MathDouble.c,682 :: 		
0x019F	0x0CF0      	RRF        R0, 1
;__Lib_MathDouble.c,683 :: 		
0x01A0	0x0CF8      	RRF        R8, 1
;__Lib_MathDouble.c,684 :: 		
0x01A1	0x0CFC      	RRF        R12, 1
;__Lib_MathDouble.c,685 :: 		
0x01A2	0x0CFD      	RRF        R13, 1
;__Lib_MathDouble.c,686 :: 		
0x01A3	0x1003      	BCF        STATUS, 0
;__Lib_MathDouble.c,687 :: 		
0x01A4	0x0BA0      	DECFSZ     __math_tempbD, 1
;__Lib_MathDouble.c,688 :: 		
0x01A5	0x2991      	GOTO       MLOOP32
;__Lib_MathDouble.c,689 :: 		
0x01A6	0x1BF2      	BTFSC      R2, 7
;__Lib_MathDouble.c,690 :: 		
0x01A7	0x29AD      	GOTO       MROUND32
;__Lib_MathDouble.c,691 :: 		
0x01A8	0x0DF8      	RLF        R8, 1
;__Lib_MathDouble.c,692 :: 		
0x01A9	0x0DF0      	RLF        R0, 1
;__Lib_MathDouble.c,693 :: 		
0x01AA	0x0DF1      	RLF        R1, 1
;__Lib_MathDouble.c,694 :: 		
0x01AB	0x0DF2      	RLF        R2, 1
;__Lib_MathDouble.c,695 :: 		
0x01AC	0x03F3      	DECF       R3, 1
;__Lib_MathDouble.c,696 :: 		
MROUND32:
;__Lib_MathDouble.c,697 :: 		
0x01AD	0x1B7B      	BTFSC      R11, 6
;__Lib_MathDouble.c,698 :: 		
0x01AE	0x1C70      	BTFSS      R0, 0
;__Lib_MathDouble.c,699 :: 		
0x01AF	0x29BF      	GOTO       MUL32OK
;__Lib_MathDouble.c,700 :: 		
0x01B0	0x1FF8      	BTFSS      R8, 7
;__Lib_MathDouble.c,701 :: 		
0x01B1	0x29BF      	GOTO       MUL32OK
;__Lib_MathDouble.c,702 :: 		
0x01B2	0x0AF0      	INCF       R0, 1
;__Lib_MathDouble.c,703 :: 		
0x01B3	0x1903      	BTFSC      STATUS, 2
;__Lib_MathDouble.c,704 :: 		
0x01B4	0x0AF1      	INCF       R1, 1
;__Lib_MathDouble.c,705 :: 		
0x01B5	0x1903      	BTFSC      STATUS, 2
;__Lib_MathDouble.c,706 :: 		
0x01B6	0x0AF2      	INCF       R2, 1
;__Lib_MathDouble.c,707 :: 		
0x01B7	0x1D03      	BTFSS      STATUS, 2
;__Lib_MathDouble.c,708 :: 		
0x01B8	0x29BF      	GOTO       MUL32OK
;__Lib_MathDouble.c,709 :: 		
0x01B9	0x0CF2      	RRF        R2, 1
;__Lib_MathDouble.c,710 :: 		
0x01BA	0x0CF1      	RRF        R1, 1
;__Lib_MathDouble.c,711 :: 		
0x01BB	0x0CF0      	RRF        R0, 1
;__Lib_MathDouble.c,712 :: 		
0x01BC	0x0AF3      	INCF       R3, 1
;__Lib_MathDouble.c,713 :: 		
0x01BD	0x1903      	BTFSC      STATUS, 2
;__Lib_MathDouble.c,714 :: 		
0x01BE	0x29C6      	GOTO       JPMSETFOV32
;__Lib_MathDouble.c,715 :: 		
MUL32OK:
;__Lib_MathDouble.c,716 :: 		
0x01BF	0x1FFA      	BTFSS      R10, 7
;__Lib_MathDouble.c,717 :: 		
0x01C0	0x13F2      	BCF        R2, 7
;__Lib_MathDouble.c,718 :: 		
0x01C1	0x3000      	MOVLW      0
;__Lib_MathDouble.c,720 :: 		
0x01C2	0x29CB      	GOTO       MUL32EEE
;__Lib_MathDouble.c,721 :: 		
JPMRES032:
;__Lib_MathDouble.c,722 :: 		
0x01C3	0x3001      	MOVLW      1
;__Lib_MathDouble.c,725 :: 		
0x01C4	0x2064      	CALL       _RES032
;__Lib_MathDouble.c,727 :: 		
0x01C5	0x29CB      	GOTO       MUL32EEE
;__Lib_MathDouble.c,728 :: 		
JPMSETFOV32:
;__Lib_MathDouble.c,729 :: 		
0x01C6	0x3002      	MOVLW      2
;__Lib_MathDouble.c,732 :: 		
0x01C7	0x206F      	CALL       _SETFOV32
;__Lib_MathDouble.c,734 :: 		
0x01C8	0x29CB      	GOTO       MUL32EEE
;__Lib_MathDouble.c,735 :: 		
JPMSETFUN32:
;__Lib_MathDouble.c,736 :: 		
0x01C9	0x3004      	MOVLW      4
;__Lib_MathDouble.c,739 :: 		
0x01CA	0x2018      	CALL       _SETFUN32
;__Lib_MathDouble.c,741 :: 		
MUL32EEE:
;__Lib_MathDouble.c,742 :: 		
0x01CB	0x0000      	NOP
;__Lib_MathDouble.c,749 :: 		
L_end_Mul_32x32_FP:
0x01CC	0x0008      	RETURN
; end of _Mul_32x32_FP
_strcpy:
;__Lib_CString.c,126 :: 		
;__Lib_CString.c,129 :: 		
0x01CD	0x1283      	BCF        STATUS, 5
0x01CE	0x1303      	BCF        STATUS, 6
0x01CF	0x0857      	MOVF       FARG_strcpy_to, 0
0x01D0	0x00F2      	MOVWF      R2
;__Lib_CString.c,130 :: 		
L_strcpy34:
0x01D1	0x0872      	MOVF       R2, 0
0x01D2	0x00F1      	MOVWF      R1
0x01D3	0x0AF2      	INCF       R2, 1
0x01D4	0x0858      	MOVF       FARG_strcpy_from, 0
0x01D5	0x00F0      	MOVWF      R0
0x01D6	0x0AD8      	INCF       FARG_strcpy_from, 1
0x01D7	0x0870      	MOVF       R0, 0
0x01D8	0x0084      	MOVWF      FSR
0x01D9	0x0800      	MOVF       INDF, 0
0x01DA	0x00F0      	MOVWF      R0
0x01DB	0x0871      	MOVF       R1, 0
0x01DC	0x0084      	MOVWF      FSR
0x01DD	0x0870      	MOVF       R0, 0
0x01DE	0x0080      	MOVWF      INDF
0x01DF	0x0871      	MOVF       R1, 0
0x01E0	0x0084      	MOVWF      FSR
0x01E1	0x0800      	MOVF       INDF, 0
0x01E2	0x1903      	BTFSC      STATUS, 2
0x01E3	0x29E5      	GOTO       L_strcpy35
;__Lib_CString.c,131 :: 		
0x01E4	0x29D1      	GOTO       L_strcpy34
L_strcpy35:
;__Lib_CString.c,132 :: 		
0x01E5	0x0857      	MOVF       FARG_strcpy_to, 0
0x01E6	0x00F0      	MOVWF      R0
;__Lib_CString.c,133 :: 		
L_end_strcpy:
0x01E7	0x0008      	RETURN
; end of _strcpy
_int2double:
;__Lib_MathDouble.c,1812 :: 		
;__Lib_MathDouble.c,1818 :: 		
0x01E8	0x1283      	BCF        STATUS, 5
;__Lib_MathDouble.c,1819 :: 		
0x01E9	0x1303      	BCF        STATUS, 6
;__Lib_MathDouble.c,1820 :: 		
0x01EA	0x0870      	MOVF       R0, 0
;__Lib_MathDouble.c,1821 :: 		
0x01EB	0x00F8      	MOVWF      R8
;__Lib_MathDouble.c,1822 :: 		
0x01EC	0x0871      	MOVF       R1, 0
;__Lib_MathDouble.c,1823 :: 		
0x01ED	0x00F0      	MOVWF      R0
;__Lib_MathDouble.c,1824 :: 		
0x01EE	0x01F1      	CLRF       R1
;__Lib_MathDouble.c,1825 :: 		
0x01EF	0x01F2      	CLRF       R2
;__Lib_MathDouble.c,1826 :: 		
0x01F0	0x01F3      	CLRF       R3
;__Lib_MathDouble.c,1829 :: 		
0x01F1	0x01FB      	CLRF       R11
;__Lib_MathDouble.c,1830 :: 		
0x01F2	0x01FC      	CLRF       R12
;__Lib_MathDouble.c,1832 :: 		
0x01F3	0x3096      	MOVLW      150
;__Lib_MathDouble.c,1833 :: 		
0x01F4	0x00F3      	MOVWF      R3
;__Lib_MathDouble.c,1834 :: 		
0x01F5	0x01FA      	CLRF       R10
;__Lib_MathDouble.c,1835 :: 		
0x01F6	0x1FF0      	BTFSS      R0, 7
;__Lib_MathDouble.c,1836 :: 		
0x01F7	0x29FE      	GOTO       FLO1632EEE
;__Lib_MathDouble.c,1838 :: 		
0x01F8	0x09F8      	COMF       R8, 1
;__Lib_MathDouble.c,1839 :: 		
0x01F9	0x09F0      	COMF       R0, 1
;__Lib_MathDouble.c,1841 :: 		
0x01FA	0x0AF8      	INCF       R8, 1
;__Lib_MathDouble.c,1842 :: 		
0x01FB	0x1903      	BTFSC      STATUS, 2
;__Lib_MathDouble.c,1843 :: 		
0x01FC	0x0AF0      	INCF       R0, 1
;__Lib_MathDouble.c,1845 :: 		
0x01FD	0x17FA      	BSF        R10, 7
;__Lib_MathDouble.c,1846 :: 		
FLO1632EEE:
;__Lib_MathDouble.c,1847 :: 		
0x01FE	0x0870      	MOVF       R0, 0
;__Lib_MathDouble.c,1848 :: 		
0x01FF	0x00F1      	MOVWF      R1
;__Lib_MathDouble.c,1849 :: 		
0x0200	0x0878      	MOVF       R8, 0
;__Lib_MathDouble.c,1850 :: 		
0x0201	0x00F0      	MOVWF      R0
;__Lib_MathDouble.c,1851 :: 		
0x0202	0x01F8      	CLRF       R8
;__Lib_MathDouble.c,1852 :: 		
0x0203	0x01F2      	CLRF       R2
;__Lib_MathDouble.c,1854 :: 		
0x0204	0x2095      	CALL       _NRM3232
;__Lib_MathDouble.c,1855 :: 		
L_end_int2double:
0x0205	0x0008      	RETURN
; end of _int2double
_FloatToStr:
;__Lib_Conversions.c,521 :: 		
;__Lib_Conversions.c,523 :: 		
0x0206	0x1283      	BCF        STATUS, 5
0x0207	0x1303      	BCF        STATUS, 6
0x0208	0x01D5      	CLRF       FloatToStr_bpoint_L0
0x0209	0x01D6      	CLRF       FloatToStr_dexpon_L0
;__Lib_Conversions.c,528 :: 		
0x020A	0x084A      	MOVF       FARG_FloatToStr_fnum, 0
0x020B	0x00D1      	MOVWF      FloatToStr_un_L0
0x020C	0x084B      	MOVF       FARG_FloatToStr_fnum+1, 0
0x020D	0x00D2      	MOVWF      FloatToStr_un_L0+1
0x020E	0x084C      	MOVF       FARG_FloatToStr_fnum+2, 0
0x020F	0x00D3      	MOVWF      FloatToStr_un_L0+2
0x0210	0x084D      	MOVF       FARG_FloatToStr_fnum+3, 0
0x0211	0x00D4      	MOVWF      FloatToStr_un_L0+3
;__Lib_Conversions.c,529 :: 		
0x0212	0x0854      	MOVF       FloatToStr_un_L0+3, 0
0x0213	0x3AFF      	XORLW      255
0x0214	0x1D03      	BTFSS      STATUS, 2
0x0215	0x2A20      	GOTO       L__FloatToStr416
0x0216	0x0853      	MOVF       FloatToStr_un_L0+2, 0
0x0217	0x3AFF      	XORLW      255
0x0218	0x1D03      	BTFSS      STATUS, 2
0x0219	0x2A20      	GOTO       L__FloatToStr416
0x021A	0x0852      	MOVF       FloatToStr_un_L0+1, 0
0x021B	0x3AFF      	XORLW      255
0x021C	0x1D03      	BTFSS      STATUS, 2
0x021D	0x2A20      	GOTO       L__FloatToStr416
0x021E	0x0851      	MOVF       FloatToStr_un_L0, 0
0x021F	0x3AFF      	XORLW      255
L__FloatToStr416:
0x0220	0x1D03      	BTFSS      STATUS, 2
0x0221	0x2A2A      	GOTO       L_FloatToStr90
;__Lib_Conversions.c,530 :: 		
0x0222	0x084E      	MOVF       FARG_FloatToStr_str, 0
0x0223	0x00D7      	MOVWF      FARG_strcpy_to
0x0224	0x3021      	MOVLW      ?lstr1___Lib_Conversions
0x0225	0x00D8      	MOVWF      FARG_strcpy_from
0x0226	0x21CD      	CALL       _strcpy
;__Lib_Conversions.c,531 :: 		
0x0227	0x3003      	MOVLW      3
0x0228	0x00F0      	MOVWF      R0
0x0229	0x2C03      	GOTO       L_end_FloatToStr
;__Lib_Conversions.c,532 :: 		
L_FloatToStr90:
;__Lib_Conversions.c,533 :: 		
0x022A	0x3001      	MOVLW      1
0x022B	0x00CF      	MOVWF      FloatToStr_i_L0
;__Lib_Conversions.c,534 :: 		
0x022C	0x1FD3      	BTFSS      FloatToStr_un_L0+2, 7
0x022D	0x2A39      	GOTO       L_FloatToStr91
;__Lib_Conversions.c,535 :: 		
0x022E	0x3080      	MOVLW      128
0x022F	0x0653      	XORWF      FloatToStr_un_L0+2, 0
0x0230	0x00F0      	MOVWF      R0
0x0231	0x0870      	MOVF       R0, 0
0x0232	0x00D3      	MOVWF      FloatToStr_un_L0+2
;__Lib_Conversions.c,536 :: 		
0x0233	0x0ACF      	INCF       FloatToStr_i_L0, 1
;__Lib_Conversions.c,537 :: 		
0x0234	0x084E      	MOVF       FARG_FloatToStr_str, 0
0x0235	0x0084      	MOVWF      FSR
0x0236	0x302D      	MOVLW      45
0x0237	0x0080      	MOVWF      INDF
0x0238	0x0ACE      	INCF       FARG_FloatToStr_str, 1
;__Lib_Conversions.c,538 :: 		
L_FloatToStr91:
;__Lib_Conversions.c,539 :: 		
0x0239	0x3000      	MOVLW      0
0x023A	0x00F0      	MOVWF      R0
0x023B	0x0654      	XORWF      FloatToStr_un_L0+3, 0
0x023C	0x1D03      	BTFSS      STATUS, 2
0x023D	0x2A48      	GOTO       L__FloatToStr417
0x023E	0x0870      	MOVF       R0, 0
0x023F	0x0653      	XORWF      FloatToStr_un_L0+2, 0
0x0240	0x1D03      	BTFSS      STATUS, 2
0x0241	0x2A48      	GOTO       L__FloatToStr417
0x0242	0x0870      	MOVF       R0, 0
0x0243	0x0652      	XORWF      FloatToStr_un_L0+1, 0
0x0244	0x1D03      	BTFSS      STATUS, 2
0x0245	0x2A48      	GOTO       L__FloatToStr417
0x0246	0x0851      	MOVF       FloatToStr_un_L0, 0
0x0247	0x3A00      	XORLW      0
L__FloatToStr417:
0x0248	0x1D03      	BTFSS      STATUS, 2
0x0249	0x2A51      	GOTO       L_FloatToStr92
;__Lib_Conversions.c,540 :: 		
0x024A	0x084E      	MOVF       FARG_FloatToStr_str, 0
0x024B	0x00D7      	MOVWF      FARG_strcpy_to
0x024C	0x302A      	MOVLW      ?lstr2___Lib_Conversions
0x024D	0x00D8      	MOVWF      FARG_strcpy_from
0x024E	0x21CD      	CALL       _strcpy
;__Lib_Conversions.c,541 :: 		
0x024F	0x01F0      	CLRF       R0
0x0250	0x2C03      	GOTO       L_end_FloatToStr
;__Lib_Conversions.c,542 :: 		
L_FloatToStr92:
;__Lib_Conversions.c,543 :: 		
0x0251	0x0854      	MOVF       FloatToStr_un_L0+3, 0
0x0252	0x3AFF      	XORLW      255
0x0253	0x1D03      	BTFSS      STATUS, 2
0x0254	0x2A5F      	GOTO       L__FloatToStr418
0x0255	0x0853      	MOVF       FloatToStr_un_L0+2, 0
0x0256	0x3A00      	XORLW      0
0x0257	0x1D03      	BTFSS      STATUS, 2
0x0258	0x2A5F      	GOTO       L__FloatToStr418
0x0259	0x0852      	MOVF       FloatToStr_un_L0+1, 0
0x025A	0x3A00      	XORLW      0
0x025B	0x1D03      	BTFSS      STATUS, 2
0x025C	0x2A5F      	GOTO       L__FloatToStr418
0x025D	0x0851      	MOVF       FloatToStr_un_L0, 0
0x025E	0x3A00      	XORLW      0
L__FloatToStr418:
0x025F	0x1D03      	BTFSS      STATUS, 2
0x0260	0x2A69      	GOTO       L_FloatToStr93
;__Lib_Conversions.c,544 :: 		
0x0261	0x084E      	MOVF       FARG_FloatToStr_str, 0
0x0262	0x00D7      	MOVWF      FARG_strcpy_to
0x0263	0x302C      	MOVLW      ?lstr3___Lib_Conversions
0x0264	0x00D8      	MOVWF      FARG_strcpy_from
0x0265	0x21CD      	CALL       _strcpy
;__Lib_Conversions.c,545 :: 		
0x0266	0x084F      	MOVF       FloatToStr_i_L0, 0
0x0267	0x00F0      	MOVWF      R0
0x0268	0x2C03      	GOTO       L_end_FloatToStr
;__Lib_Conversions.c,546 :: 		
L_FloatToStr93:
;__Lib_Conversions.c,554 :: 		
L_FloatToStr94:
0x0269	0x3000      	MOVLW      0
0x026A	0x00F4      	MOVWF      R4
0x026B	0x3000      	MOVLW      0
0x026C	0x00F5      	MOVWF      R4+1
0x026D	0x3000      	MOVLW      0
0x026E	0x00F6      	MOVWF      R4+2
0x026F	0x307F      	MOVLW      127
0x0270	0x00F7      	MOVWF      R4+3
0x0271	0x0851      	MOVF       FloatToStr_un_L0, 0
0x0272	0x00F0      	MOVWF      R0
0x0273	0x0852      	MOVF       FloatToStr_un_L0+1, 0
0x0274	0x00F1      	MOVWF      R0+1
0x0275	0x0853      	MOVF       FloatToStr_un_L0+2, 0
0x0276	0x00F2      	MOVWF      R0+2
0x0277	0x0854      	MOVF       FloatToStr_un_L0+3, 0
0x0278	0x00F3      	MOVWF      R0+3
0x0279	0x20C4      	CALL       _Compare_Double
0x027A	0x3001      	MOVLW      1
0x027B	0x1803      	BTFSC      STATUS, 0
0x027C	0x3000      	MOVLW      0
0x027D	0x00F0      	MOVWF      R0
0x027E	0x0870      	MOVF       R0, 0
0x027F	0x1903      	BTFSC      STATUS, 2
0x0280	0x2A9C      	GOTO       L_FloatToStr95
;__Lib_Conversions.c,555 :: 		
0x0281	0x0851      	MOVF       FloatToStr_un_L0, 0
0x0282	0x00F0      	MOVWF      R0
0x0283	0x0852      	MOVF       FloatToStr_un_L0+1, 0
0x0284	0x00F1      	MOVWF      R0+1
0x0285	0x0853      	MOVF       FloatToStr_un_L0+2, 0
0x0286	0x00F2      	MOVWF      R0+2
0x0287	0x0854      	MOVF       FloatToStr_un_L0+3, 0
0x0288	0x00F3      	MOVWF      R0+3
0x0289	0x3000      	MOVLW      0
0x028A	0x00F4      	MOVWF      R4
0x028B	0x3000      	MOVLW      0
0x028C	0x00F5      	MOVWF      R4+1
0x028D	0x3020      	MOVLW      32
0x028E	0x00F6      	MOVWF      R4+2
0x028F	0x3082      	MOVLW      130
0x0290	0x00F7      	MOVWF      R4+3
0x0291	0x216C      	CALL       _Mul_32x32_FP
0x0292	0x0870      	MOVF       R0, 0
0x0293	0x00D1      	MOVWF      FloatToStr_un_L0
0x0294	0x0871      	MOVF       R0+1, 0
0x0295	0x00D2      	MOVWF      FloatToStr_un_L0+1
0x0296	0x0872      	MOVF       R0+2, 0
0x0297	0x00D3      	MOVWF      FloatToStr_un_L0+2
0x0298	0x0873      	MOVF       R0+3, 0
0x0299	0x00D4      	MOVWF      FloatToStr_un_L0+3
;__Lib_Conversions.c,556 :: 		
0x029A	0x03D6      	DECF       FloatToStr_dexpon_L0, 1
;__Lib_Conversions.c,557 :: 		
0x029B	0x2A69      	GOTO       L_FloatToStr94
L_FloatToStr95:
;__Lib_Conversions.c,562 :: 		
L_FloatToStr96:
0x029C	0x3000      	MOVLW      0
0x029D	0x00F4      	MOVWF      R4
0x029E	0x3000      	MOVLW      0
0x029F	0x00F5      	MOVWF      R4+1
0x02A0	0x3020      	MOVLW      32
0x02A1	0x00F6      	MOVWF      R4+2
0x02A2	0x3082      	MOVLW      130
0x02A3	0x00F7      	MOVWF      R4+3
0x02A4	0x0851      	MOVF       FloatToStr_un_L0, 0
0x02A5	0x00F0      	MOVWF      R0
0x02A6	0x0852      	MOVF       FloatToStr_un_L0+1, 0
0x02A7	0x00F1      	MOVWF      R0+1
0x02A8	0x0853      	MOVF       FloatToStr_un_L0+2, 0
0x02A9	0x00F2      	MOVWF      R0+2
0x02AA	0x0854      	MOVF       FloatToStr_un_L0+3, 0
0x02AB	0x00F3      	MOVWF      R0+3
0x02AC	0x20C4      	CALL       _Compare_Double
0x02AD	0x3001      	MOVLW      1
0x02AE	0x1C03      	BTFSS      STATUS, 0
0x02AF	0x3000      	MOVLW      0
0x02B0	0x00F0      	MOVWF      R0
0x02B1	0x0870      	MOVF       R0, 0
0x02B2	0x1903      	BTFSC      STATUS, 2
0x02B3	0x2ACF      	GOTO       L_FloatToStr97
;__Lib_Conversions.c,563 :: 		
0x02B4	0x0851      	MOVF       FloatToStr_un_L0, 0
0x02B5	0x00F0      	MOVWF      R0
0x02B6	0x0852      	MOVF       FloatToStr_un_L0+1, 0
0x02B7	0x00F1      	MOVWF      R0+1
0x02B8	0x0853      	MOVF       FloatToStr_un_L0+2, 0
0x02B9	0x00F2      	MOVWF      R0+2
0x02BA	0x0854      	MOVF       FloatToStr_un_L0+3, 0
0x02BB	0x00F3      	MOVWF      R0+3
0x02BC	0x30CD      	MOVLW      205
0x02BD	0x00F4      	MOVWF      R4
0x02BE	0x30CC      	MOVLW      204
0x02BF	0x00F5      	MOVWF      R4+1
0x02C0	0x304C      	MOVLW      76
0x02C1	0x00F6      	MOVWF      R4+2
0x02C2	0x307B      	MOVLW      123
0x02C3	0x00F7      	MOVWF      R4+3
0x02C4	0x216C      	CALL       _Mul_32x32_FP
0x02C5	0x0870      	MOVF       R0, 0
0x02C6	0x00D1      	MOVWF      FloatToStr_un_L0
0x02C7	0x0871      	MOVF       R0+1, 0
0x02C8	0x00D2      	MOVWF      FloatToStr_un_L0+1
0x02C9	0x0872      	MOVF       R0+2, 0
0x02CA	0x00D3      	MOVWF      FloatToStr_un_L0+2
0x02CB	0x0873      	MOVF       R0+3, 0
0x02CC	0x00D4      	MOVWF      FloatToStr_un_L0+3
;__Lib_Conversions.c,564 :: 		
0x02CD	0x0AD6      	INCF       FloatToStr_dexpon_L0, 1
;__Lib_Conversions.c,565 :: 		
0x02CE	0x2A9C      	GOTO       L_FloatToStr96
L_FloatToStr97:
;__Lib_Conversions.c,574 :: 		
0x02CF	0x30FF      	MOVLW      255
0x02D0	0x0551      	ANDWF      FloatToStr_un_L0, 0
0x02D1	0x00F8      	MOVWF      R8
0x02D2	0x30FF      	MOVLW      255
0x02D3	0x0552      	ANDWF      FloatToStr_un_L0+1, 0
0x02D4	0x00F9      	MOVWF      R8+1
0x02D5	0x307F      	MOVLW      127
0x02D6	0x0553      	ANDWF      FloatToStr_un_L0+2, 0
0x02D7	0x00FA      	MOVWF      R8+2
0x02D8	0x3000      	MOVLW      0
0x02D9	0x0554      	ANDWF      FloatToStr_un_L0+3, 0
0x02DA	0x00FB      	MOVWF      R8+3
;__Lib_Conversions.c,575 :: 		
0x02DB	0x0878      	MOVF       R8, 0
0x02DC	0x00F4      	MOVWF      R4
0x02DD	0x0879      	MOVF       R8+1, 0
0x02DE	0x00F5      	MOVWF      R4+1
0x02DF	0x087A      	MOVF       R8+2, 0
0x02E0	0x00F6      	MOVWF      R4+2
0x02E1	0x087B      	MOVF       R8+3, 0
0x02E2	0x00F7      	MOVWF      R4+3
0x02E3	0x0DF4      	RLF        R4, 1
0x02E4	0x0DF5      	RLF        R4+1, 1
0x02E5	0x0DF6      	RLF        R4+2, 1
0x02E6	0x0DF7      	RLF        R4+3, 1
0x02E7	0x1074      	BCF        R4, 0
;__Lib_Conversions.c,576 :: 		
0x02E8	0x3000      	MOVLW      0
0x02E9	0x0551      	ANDWF      FloatToStr_un_L0, 0
0x02EA	0x00F0      	MOVWF      R0
0x02EB	0x3000      	MOVLW      0
0x02EC	0x0552      	ANDWF      FloatToStr_un_L0+1, 0
0x02ED	0x00F1      	MOVWF      R0+1
0x02EE	0x3000      	MOVLW      0
0x02EF	0x0553      	ANDWF      FloatToStr_un_L0+2, 0
0x02F0	0x00F2      	MOVWF      R0+2
0x02F1	0x30FF      	MOVLW      255
0x02F2	0x0554      	ANDWF      FloatToStr_un_L0+3, 0
0x02F3	0x00F3      	MOVWF      R0+3
0x02F4	0x0870      	MOVF       R0, 0
0x02F5	0x00D1      	MOVWF      FloatToStr_un_L0
0x02F6	0x0871      	MOVF       R0+1, 0
0x02F7	0x00D2      	MOVWF      FloatToStr_un_L0+1
0x02F8	0x0872      	MOVF       R0+2, 0
0x02F9	0x00D3      	MOVWF      FloatToStr_un_L0+2
0x02FA	0x0873      	MOVF       R0+3, 0
0x02FB	0x00D4      	MOVWF      FloatToStr_un_L0+3
;__Lib_Conversions.c,577 :: 		
0x02FC	0x0874      	MOVF       R4, 0
0x02FD	0x0451      	IORWF      FloatToStr_un_L0, 0
0x02FE	0x00F0      	MOVWF      R0
0x02FF	0x0875      	MOVF       R4+1, 0
0x0300	0x0452      	IORWF      FloatToStr_un_L0+1, 0
0x0301	0x00F1      	MOVWF      R0+1
0x0302	0x0876      	MOVF       R4+2, 0
0x0303	0x0453      	IORWF      FloatToStr_un_L0+2, 0
0x0304	0x00F2      	MOVWF      R0+2
0x0305	0x0877      	MOVF       R4+3, 0
0x0306	0x0454      	IORWF      FloatToStr_un_L0+3, 0
0x0307	0x00F3      	MOVWF      R0+3
0x0308	0x0870      	MOVF       R0, 0
0x0309	0x00D1      	MOVWF      FloatToStr_un_L0
0x030A	0x0871      	MOVF       R0+1, 0
0x030B	0x00D2      	MOVWF      FloatToStr_un_L0+1
0x030C	0x0872      	MOVF       R0+2, 0
0x030D	0x00D3      	MOVWF      FloatToStr_un_L0+2
0x030E	0x0873      	MOVF       R0+3, 0
0x030F	0x00D4      	MOVWF      FloatToStr_un_L0+3
;__Lib_Conversions.c,579 :: 		
0x0310	0x307F      	MOVLW      127
0x0311	0x0254      	SUBWF      FloatToStr_un_L0+3, 0
0x0312	0x00F0      	MOVWF      R0
0x0313	0x0870      	MOVF       R0, 0
0x0314	0x00D0      	MOVWF      FloatToStr_d_L0
;__Lib_Conversions.c,582 :: 		
0x0315	0x3001      	MOVLW      1
0x0316	0x00D4      	MOVWF      FloatToStr_un_L0+3
;__Lib_Conversions.c,583 :: 		
0x0317	0x0870      	MOVF       R0, 0
0x0318	0x00F4      	MOVWF      R4
0x0319	0x0851      	MOVF       FloatToStr_un_L0, 0
0x031A	0x00F0      	MOVWF      R0
0x031B	0x0852      	MOVF       FloatToStr_un_L0+1, 0
0x031C	0x00F1      	MOVWF      R0+1
0x031D	0x0853      	MOVF       FloatToStr_un_L0+2, 0
0x031E	0x00F2      	MOVWF      R0+2
0x031F	0x0854      	MOVF       FloatToStr_un_L0+3, 0
0x0320	0x00F3      	MOVWF      R0+3
0x0321	0x0874      	MOVF       R4, 0
L__FloatToStr419:
0x0322	0x1903      	BTFSC      STATUS, 2
0x0323	0x2B2B      	GOTO       L__FloatToStr420
0x0324	0x0DF0      	RLF        R0, 1
0x0325	0x0DF1      	RLF        R0+1, 1
0x0326	0x0DF2      	RLF        R0+2, 1
0x0327	0x0DF3      	RLF        R0+3, 1
0x0328	0x1070      	BCF        R0, 0
0x0329	0x3EFF      	ADDLW      255
0x032A	0x2B22      	GOTO       L__FloatToStr419
L__FloatToStr420:
0x032B	0x0870      	MOVF       R0, 0
0x032C	0x00D1      	MOVWF      FloatToStr_un_L0
0x032D	0x0871      	MOVF       R0+1, 0
0x032E	0x00D2      	MOVWF      FloatToStr_un_L0+1
0x032F	0x0872      	MOVF       R0+2, 0
0x0330	0x00D3      	MOVWF      FloatToStr_un_L0+2
0x0331	0x0873      	MOVF       R0+3, 0
0x0332	0x00D4      	MOVWF      FloatToStr_un_L0+3
;__Lib_Conversions.c,584 :: 		
0x0333	0x0854      	MOVF       FloatToStr_un_L0+3, 0
0x0334	0x3E30      	ADDLW      48
0x0335	0x00F0      	MOVWF      R0
0x0336	0x084E      	MOVF       FARG_FloatToStr_str, 0
0x0337	0x0084      	MOVWF      FSR
0x0338	0x0870      	MOVF       R0, 0
0x0339	0x0080      	MOVWF      INDF
0x033A	0x0ACE      	INCF       FARG_FloatToStr_str, 1
;__Lib_Conversions.c,585 :: 		
0x033B	0x3080      	MOVLW      128
0x033C	0x0656      	XORWF      FloatToStr_dexpon_L0, 0
0x033D	0x00F0      	MOVWF      R0
0x033E	0x3080      	MOVLW      128
0x033F	0x3A01      	XORLW      1
0x0340	0x0270      	SUBWF      R0, 0
0x0341	0x1C03      	BTFSS      STATUS, 0
0x0342	0x2B4C      	GOTO       L__FloatToStr346
0x0343	0x3080      	MOVLW      128
0x0344	0x3A06      	XORLW      6
0x0345	0x00F0      	MOVWF      R0
0x0346	0x3080      	MOVLW      128
0x0347	0x0656      	XORWF      FloatToStr_dexpon_L0, 0
0x0348	0x0270      	SUBWF      R0, 0
0x0349	0x1C03      	BTFSS      STATUS, 0
0x034A	0x2B4C      	GOTO       L__FloatToStr346
0x034B	0x2B53      	GOTO       L_FloatToStr100
L__FloatToStr346:
;__Lib_Conversions.c,586 :: 		
0x034C	0x084E      	MOVF       FARG_FloatToStr_str, 0
0x034D	0x0084      	MOVWF      FSR
0x034E	0x302E      	MOVLW      46
0x034F	0x0080      	MOVWF      INDF
0x0350	0x0ACE      	INCF       FARG_FloatToStr_str, 1
;__Lib_Conversions.c,587 :: 		
0x0351	0x3001      	MOVLW      1
0x0352	0x00D5      	MOVWF      FloatToStr_bpoint_L0
;__Lib_Conversions.c,588 :: 		
L_FloatToStr100:
;__Lib_Conversions.c,589 :: 		
0x0353	0x3006      	MOVLW      6
0x0354	0x00D0      	MOVWF      FloatToStr_d_L0
L_FloatToStr101:
0x0355	0x0850      	MOVF       FloatToStr_d_L0, 0
0x0356	0x3A00      	XORLW      0
0x0357	0x1903      	BTFSC      STATUS, 2
0x0358	0x2BB1      	GOTO       L_FloatToStr102
;__Lib_Conversions.c,590 :: 		
0x0359	0x01D4      	CLRF       FloatToStr_un_L0+3
;__Lib_Conversions.c,591 :: 		
0x035A	0x0851      	MOVF       FloatToStr_un_L0, 0
0x035B	0x00F0      	MOVWF      R0
0x035C	0x0852      	MOVF       FloatToStr_un_L0+1, 0
0x035D	0x00F1      	MOVWF      R0+1
0x035E	0x0853      	MOVF       FloatToStr_un_L0+2, 0
0x035F	0x00F2      	MOVWF      R0+2
0x0360	0x0854      	MOVF       FloatToStr_un_L0+3, 0
0x0361	0x00F3      	MOVWF      R0+3
0x0362	0x0DF0      	RLF        R0, 1
0x0363	0x0DF1      	RLF        R0+1, 1
0x0364	0x0DF2      	RLF        R0+2, 1
0x0365	0x0DF3      	RLF        R0+3, 1
0x0366	0x1070      	BCF        R0, 0
0x0367	0x0DF0      	RLF        R0, 1
0x0368	0x0DF1      	RLF        R0+1, 1
0x0369	0x0DF2      	RLF        R0+2, 1
0x036A	0x0DF3      	RLF        R0+3, 1
0x036B	0x1070      	BCF        R0, 0
0x036C	0x0851      	MOVF       FloatToStr_un_L0, 0
0x036D	0x07F0      	ADDWF      R0, 1
0x036E	0x0852      	MOVF       FloatToStr_un_L0+1, 0
0x036F	0x1803      	BTFSC      STATUS, 0
0x0370	0x0F52      	INCFSZ     FloatToStr_un_L0+1, 0
0x0371	0x07F1      	ADDWF      R0+1, 1
0x0372	0x0853      	MOVF       FloatToStr_un_L0+2, 0
0x0373	0x1803      	BTFSC      STATUS, 0
0x0374	0x0F53      	INCFSZ     FloatToStr_un_L0+2, 0
0x0375	0x07F2      	ADDWF      R0+2, 1
0x0376	0x0854      	MOVF       FloatToStr_un_L0+3, 0
0x0377	0x1803      	BTFSC      STATUS, 0
0x0378	0x0F54      	INCFSZ     FloatToStr_un_L0+3, 0
0x0379	0x07F3      	ADDWF      R0+3, 1
0x037A	0x0870      	MOVF       R0, 0
0x037B	0x00D1      	MOVWF      FloatToStr_un_L0
0x037C	0x0871      	MOVF       R0+1, 0
0x037D	0x00D2      	MOVWF      FloatToStr_un_L0+1
0x037E	0x0872      	MOVF       R0+2, 0
0x037F	0x00D3      	MOVWF      FloatToStr_un_L0+2
0x0380	0x0873      	MOVF       R0+3, 0
0x0381	0x00D4      	MOVWF      FloatToStr_un_L0+3
;__Lib_Conversions.c,592 :: 		
0x0382	0x0851      	MOVF       FloatToStr_un_L0, 0
0x0383	0x00F0      	MOVWF      R0
0x0384	0x0852      	MOVF       FloatToStr_un_L0+1, 0
0x0385	0x00F1      	MOVWF      R0+1
0x0386	0x0853      	MOVF       FloatToStr_un_L0+2, 0
0x0387	0x00F2      	MOVWF      R0+2
0x0388	0x0854      	MOVF       FloatToStr_un_L0+3, 0
0x0389	0x00F3      	MOVWF      R0+3
0x038A	0x0DF0      	RLF        R0, 1
0x038B	0x0DF1      	RLF        R0+1, 1
0x038C	0x0DF2      	RLF        R0+2, 1
0x038D	0x0DF3      	RLF        R0+3, 1
0x038E	0x1070      	BCF        R0, 0
0x038F	0x0870      	MOVF       R0, 0
0x0390	0x00D1      	MOVWF      FloatToStr_un_L0
0x0391	0x0871      	MOVF       R0+1, 0
0x0392	0x00D2      	MOVWF      FloatToStr_un_L0+1
0x0393	0x0872      	MOVF       R0+2, 0
0x0394	0x00D3      	MOVWF      FloatToStr_un_L0+2
0x0395	0x0873      	MOVF       R0+3, 0
0x0396	0x00D4      	MOVWF      FloatToStr_un_L0+3
;__Lib_Conversions.c,593 :: 		
0x0397	0x0854      	MOVF       FloatToStr_un_L0+3, 0
0x0398	0x3E30      	ADDLW      48
0x0399	0x00F0      	MOVWF      R0
0x039A	0x084E      	MOVF       FARG_FloatToStr_str, 0
0x039B	0x0084      	MOVWF      FSR
0x039C	0x0870      	MOVF       R0, 0
0x039D	0x0080      	MOVWF      INDF
0x039E	0x0ACE      	INCF       FARG_FloatToStr_str, 1
;__Lib_Conversions.c,594 :: 		
0x039F	0x0855      	MOVF       FloatToStr_bpoint_L0, 0
0x03A0	0x3A00      	XORLW      0
0x03A1	0x1D03      	BTFSS      STATUS, 2
0x03A2	0x2BAF      	GOTO       L_FloatToStr104
;__Lib_Conversions.c,595 :: 		
0x03A3	0x03D6      	DECF       FloatToStr_dexpon_L0, 1
0x03A4	0x0856      	MOVF       FloatToStr_dexpon_L0, 0
0x03A5	0x3A00      	XORLW      0
0x03A6	0x1D03      	BTFSS      STATUS, 2
0x03A7	0x2BAF      	GOTO       L_FloatToStr105
;__Lib_Conversions.c,596 :: 		
0x03A8	0x084E      	MOVF       FARG_FloatToStr_str, 0
0x03A9	0x0084      	MOVWF      FSR
0x03AA	0x302E      	MOVLW      46
0x03AB	0x0080      	MOVWF      INDF
0x03AC	0x0ACE      	INCF       FARG_FloatToStr_str, 1
;__Lib_Conversions.c,597 :: 		
0x03AD	0x3001      	MOVLW      1
0x03AE	0x00D5      	MOVWF      FloatToStr_bpoint_L0
;__Lib_Conversions.c,598 :: 		
L_FloatToStr105:
L_FloatToStr104:
;__Lib_Conversions.c,589 :: 		
0x03AF	0x03D0      	DECF       FloatToStr_d_L0, 1
;__Lib_Conversions.c,599 :: 		
0x03B0	0x2B55      	GOTO       L_FloatToStr101
L_FloatToStr102:
;__Lib_Conversions.c,600 :: 		
L_FloatToStr106:
0x03B1	0x30FF      	MOVLW      255
0x03B2	0x074E      	ADDWF      FARG_FloatToStr_str, 0
0x03B3	0x0084      	MOVWF      FSR
0x03B4	0x0800      	MOVF       INDF, 0
0x03B5	0x3A30      	XORLW      48
0x03B6	0x1D03      	BTFSS      STATUS, 2
0x03B7	0x2BBA      	GOTO       L_FloatToStr107
;__Lib_Conversions.c,601 :: 		
0x03B8	0x03CE      	DECF       FARG_FloatToStr_str, 1
0x03B9	0x2BB1      	GOTO       L_FloatToStr106
L_FloatToStr107:
;__Lib_Conversions.c,602 :: 		
0x03BA	0x30FF      	MOVLW      255
0x03BB	0x074E      	ADDWF      FARG_FloatToStr_str, 0
0x03BC	0x0084      	MOVWF      FSR
0x03BD	0x0800      	MOVF       INDF, 0
0x03BE	0x3A2E      	XORLW      46
0x03BF	0x1D03      	BTFSS      STATUS, 2
0x03C0	0x2BC2      	GOTO       L_FloatToStr108
;__Lib_Conversions.c,603 :: 		
0x03C1	0x03CE      	DECF       FARG_FloatToStr_str, 1
L_FloatToStr108:
;__Lib_Conversions.c,604 :: 		
0x03C2	0x0856      	MOVF       FloatToStr_dexpon_L0, 0
0x03C3	0x3A00      	XORLW      0
0x03C4	0x1903      	BTFSC      STATUS, 2
0x03C5	0x2BFF      	GOTO       L_FloatToStr109
;__Lib_Conversions.c,605 :: 		
0x03C6	0x084E      	MOVF       FARG_FloatToStr_str, 0
0x03C7	0x0084      	MOVWF      FSR
0x03C8	0x3065      	MOVLW      101
0x03C9	0x0080      	MOVWF      INDF
0x03CA	0x0ACE      	INCF       FARG_FloatToStr_str, 1
;__Lib_Conversions.c,606 :: 		
0x03CB	0x3080      	MOVLW      128
0x03CC	0x0656      	XORWF      FloatToStr_dexpon_L0, 0
0x03CD	0x00F0      	MOVWF      R0
0x03CE	0x3080      	MOVLW      128
0x03CF	0x3A00      	XORLW      0
0x03D0	0x0270      	SUBWF      R0, 0
0x03D1	0x1803      	BTFSC      STATUS, 0
0x03D2	0x2BDB      	GOTO       L_FloatToStr110
;__Lib_Conversions.c,607 :: 		
0x03D3	0x084E      	MOVF       FARG_FloatToStr_str, 0
0x03D4	0x0084      	MOVWF      FSR
0x03D5	0x302D      	MOVLW      45
0x03D6	0x0080      	MOVWF      INDF
0x03D7	0x0ACE      	INCF       FARG_FloatToStr_str, 1
;__Lib_Conversions.c,608 :: 		
0x03D8	0x0856      	MOVF       FloatToStr_dexpon_L0, 0
0x03D9	0x3C00      	SUBLW      0
0x03DA	0x00D6      	MOVWF      FloatToStr_dexpon_L0
;__Lib_Conversions.c,609 :: 		
L_FloatToStr110:
;__Lib_Conversions.c,610 :: 		
0x03DB	0x0856      	MOVF       FloatToStr_dexpon_L0, 0
0x03DC	0x00D0      	MOVWF      FloatToStr_d_L0
;__Lib_Conversions.c,611 :: 		
0x03DD	0x3080      	MOVLW      128
0x03DE	0x3A09      	XORLW      9
0x03DF	0x00F0      	MOVWF      R0
0x03E0	0x3080      	MOVLW      128
0x03E1	0x0656      	XORWF      FloatToStr_dexpon_L0, 0
0x03E2	0x0270      	SUBWF      R0, 0
0x03E3	0x1803      	BTFSC      STATUS, 0
0x03E4	0x2BF1      	GOTO       L_FloatToStr111
;__Lib_Conversions.c,612 :: 		
0x03E5	0x300A      	MOVLW      10
0x03E6	0x00F4      	MOVWF      R4
0x03E7	0x0850      	MOVF       FloatToStr_d_L0, 0
0x03E8	0x00F0      	MOVWF      R0
0x03E9	0x211B      	CALL       _Div_8X8_S
0x03EA	0x3030      	MOVLW      48
0x03EB	0x07F0      	ADDWF      R0, 1
0x03EC	0x084E      	MOVF       FARG_FloatToStr_str, 0
0x03ED	0x0084      	MOVWF      FSR
0x03EE	0x0870      	MOVF       R0, 0
0x03EF	0x0080      	MOVWF      INDF
0x03F0	0x0ACE      	INCF       FARG_FloatToStr_str, 1
L_FloatToStr111:
;__Lib_Conversions.c,613 :: 		
0x03F1	0x300A      	MOVLW      10
0x03F2	0x00F4      	MOVWF      R4
0x03F3	0x0850      	MOVF       FloatToStr_d_L0, 0
0x03F4	0x00F0      	MOVWF      R0
0x03F5	0x211B      	CALL       _Div_8X8_S
0x03F6	0x0878      	MOVF       R8, 0
0x03F7	0x00F0      	MOVWF      R0
0x03F8	0x3030      	MOVLW      48
0x03F9	0x07F0      	ADDWF      R0, 1
0x03FA	0x084E      	MOVF       FARG_FloatToStr_str, 0
0x03FB	0x0084      	MOVWF      FSR
0x03FC	0x0870      	MOVF       R0, 0
0x03FD	0x0080      	MOVWF      INDF
0x03FE	0x0ACE      	INCF       FARG_FloatToStr_str, 1
;__Lib_Conversions.c,614 :: 		
L_FloatToStr109:
;__Lib_Conversions.c,615 :: 		
0x03FF	0x084E      	MOVF       FARG_FloatToStr_str, 0
0x0400	0x0084      	MOVWF      FSR
0x0401	0x0180      	CLRF       INDF
;__Lib_Conversions.c,616 :: 		
0x0402	0x01F0      	CLRF       R0
;__Lib_Conversions.c,617 :: 		
L_end_FloatToStr:
0x0403	0x0008      	RETURN
; end of _FloatToStr
_Ow_Read:
;__Lib_OneWire.c,26 :: 		
;__Lib_OneWire.c,29 :: 		
0x0404	0x1283      	BCF        STATUS, 5
0x0405	0x1303      	BCF        STATUS, 6
0x0406	0x084B      	MOVF       FARG_Ow_Read_pin, 0
0x0407	0x00F1      	MOVWF      R1
0x0408	0x3001      	MOVLW      1
0x0409	0x00F0      	MOVWF      R0
0x040A	0x0871      	MOVF       R1, 0
L__Ow_Read12:
0x040B	0x1903      	BTFSC      STATUS, 2
0x040C	0x2C11      	GOTO       L__Ow_Read13
0x040D	0x0DF0      	RLF        R0, 1
0x040E	0x1070      	BCF        R0, 0
0x040F	0x3EFF      	ADDLW      255
0x0410	0x2C0B      	GOTO       L__Ow_Read12
L__Ow_Read13:
0x0411	0x0870      	MOVF       R0, 0
0x0412	0x00CF      	MOVWF      Ow_Read_bit_mask_1_L0
;__Lib_OneWire.c,30 :: 		
0x0413	0x0970      	COMF       R0, 0
0x0414	0x00CE      	MOVWF      Ow_Read_bit_mask_0_L0
;__Lib_OneWire.c,32 :: 		
0x0415	0x084A      	MOVF       FARG_Ow_Read_port, 0
0x0416	0x0084      	MOVWF      FSR
;__Lib_OneWire.c,33 :: 		
0x0417	0x01CD      	CLRF       Ow_Read_tmp_L0
;__Lib_OneWire.c,34 :: 		
0x0418	0x01CC      	CLRF       Ow_Read_i_L0
L_Ow_Read0:
0x0419	0x084C      	MOVF       Ow_Read_i_L0, 0
0x041A	0x3C07      	SUBLW      7
0x041B	0x1C03      	BTFSS      STATUS, 0
0x041C	0x2C3D      	GOTO       L_Ow_Read1
;__Lib_OneWire.c,35 :: 		
0x041D	0x084E      	MOVF       Ow_Read_bit_mask_0_L0, 0
0x041E	0x0580      	ANDWF      INDF, 1
;__Lib_OneWire.c,37 :: 		
0x041F	0x1784      	BSF        FSR, 7
;__Lib_OneWire.c,38 :: 		
0x0420	0x084E      	MOVF       Ow_Read_bit_mask_0_L0, 0
0x0421	0x0580      	ANDWF      INDF, 1
;__Lib_OneWire.c,39 :: 		
0x0422	0x2016      	CALL       _Delay_1us
;__Lib_OneWire.c,40 :: 		
0x0423	0x084F      	MOVF       Ow_Read_bit_mask_1_L0, 0
0x0424	0x0480      	IORWF      INDF, 1
;__Lib_OneWire.c,41 :: 		
0x0425	0x2016      	CALL       _Delay_1us
;__Lib_OneWire.c,43 :: 		
0x0426	0x1384      	BCF        FSR, 7
;__Lib_OneWire.c,44 :: 		
0x0427	0x084F      	MOVF       Ow_Read_bit_mask_1_L0, 0
0x0428	0x0500      	ANDWF      INDF, 0
0x0429	0x00F0      	MOVWF      R0
0x042A	0x1903      	BTFSC      STATUS, 2
0x042B	0x2C39      	GOTO       L_Ow_Read3
;__Lib_OneWire.c,45 :: 		
0x042C	0x084C      	MOVF       Ow_Read_i_L0, 0
0x042D	0x00F1      	MOVWF      R1
0x042E	0x3001      	MOVLW      1
0x042F	0x00F0      	MOVWF      R0
0x0430	0x0871      	MOVF       R1, 0
L__Ow_Read14:
0x0431	0x1903      	BTFSC      STATUS, 2
0x0432	0x2C37      	GOTO       L__Ow_Read15
0x0433	0x0DF0      	RLF        R0, 1
0x0434	0x1070      	BCF        R0, 0
0x0435	0x3EFF      	ADDLW      255
0x0436	0x2C31      	GOTO       L__Ow_Read14
L__Ow_Read15:
0x0437	0x0870      	MOVF       R0, 0
0x0438	0x04CD      	IORWF      Ow_Read_tmp_L0, 1
L_Ow_Read3:
;__Lib_OneWire.c,47 :: 		
0x0439	0x2003      	CALL       _Delay_50us
;__Lib_OneWire.c,48 :: 		
0x043A	0x2003      	CALL       _Delay_50us
;__Lib_OneWire.c,34 :: 		
0x043B	0x0ACC      	INCF       Ow_Read_i_L0, 1
;__Lib_OneWire.c,49 :: 		
0x043C	0x2C19      	GOTO       L_Ow_Read0
L_Ow_Read1:
;__Lib_OneWire.c,50 :: 		
0x043D	0x084D      	MOVF       Ow_Read_tmp_L0, 0
0x043E	0x00F0      	MOVWF      R0
;__Lib_OneWire.c,51 :: 		
L_end_Ow_Read:
0x043F	0x0008      	RETURN
; end of _Ow_Read
_Ow_Write:
;__Lib_OneWire.c,54 :: 		
;__Lib_OneWire.c,57 :: 		
0x0440	0x1283      	BCF        STATUS, 5
0x0441	0x1303      	BCF        STATUS, 6
0x0442	0x084B      	MOVF       FARG_Ow_Write_pin, 0
0x0443	0x00F1      	MOVWF      R1
0x0444	0x3001      	MOVLW      1
0x0445	0x00F0      	MOVWF      R0
0x0446	0x0871      	MOVF       R1, 0
L__Ow_Write17:
0x0447	0x1903      	BTFSC      STATUS, 2
0x0448	0x2C4D      	GOTO       L__Ow_Write18
0x0449	0x0DF0      	RLF        R0, 1
0x044A	0x1070      	BCF        R0, 0
0x044B	0x3EFF      	ADDLW      255
0x044C	0x2C47      	GOTO       L__Ow_Write17
L__Ow_Write18:
0x044D	0x0870      	MOVF       R0, 0
0x044E	0x00CF      	MOVWF      Ow_Write_bit_mask_1_L0
;__Lib_OneWire.c,58 :: 		
0x044F	0x09F0      	COMF       R0, 1
0x0450	0x0870      	MOVF       R0, 0
0x0451	0x00CE      	MOVWF      Ow_Write_bit_mask_0_L0
;__Lib_OneWire.c,60 :: 		
0x0452	0x084A      	MOVF       FARG_Ow_Write_port, 0
0x0453	0x0084      	MOVWF      FSR
;__Lib_OneWire.c,61 :: 		
0x0454	0x0870      	MOVF       R0, 0
0x0455	0x0580      	ANDWF      INDF, 1
;__Lib_OneWire.c,62 :: 		
0x0456	0x1784      	BSF        FSR, 7
;__Lib_OneWire.c,64 :: 		
0x0457	0x01CD      	CLRF       Ow_Write_i_L0
L_Ow_Write4:
0x0458	0x084D      	MOVF       Ow_Write_i_L0, 0
0x0459	0x3C07      	SUBLW      7
0x045A	0x1C03      	BTFSS      STATUS, 0
0x045B	0x2C72      	GOTO       L_Ow_Write5
;__Lib_OneWire.c,65 :: 		
0x045C	0x084D      	MOVF       Ow_Write_i_L0, 0
0x045D	0x00F0      	MOVWF      R0
0x045E	0x084C      	MOVF       FARG_Ow_Write_data_, 0
0x045F	0x00F1      	MOVWF      R1
0x0460	0x0870      	MOVF       R0, 0
L__Ow_Write19:
0x0461	0x1903      	BTFSC      STATUS, 2
0x0462	0x2C67      	GOTO       L__Ow_Write20
0x0463	0x0CF1      	RRF        R1, 1
0x0464	0x13F1      	BCF        R1, 7
0x0465	0x3EFF      	ADDLW      255
0x0466	0x2C61      	GOTO       L__Ow_Write19
L__Ow_Write20:
;__Lib_OneWire.c,68 :: 		
0x0467	0x084E      	MOVF       Ow_Write_bit_mask_0_L0, 0
0x0468	0x0580      	ANDWF      INDF, 1
;__Lib_OneWire.c,70 :: 		
0x0469	0x1C71      	BTFSS      R1, 0
0x046A	0x2C6D      	GOTO       L_Ow_Write7
;__Lib_OneWire.c,71 :: 		
0x046B	0x084F      	MOVF       Ow_Write_bit_mask_1_L0, 0
0x046C	0x0480      	IORWF      INDF, 1
;__Lib_OneWire.c,72 :: 		
L_Ow_Write7:
;__Lib_OneWire.c,74 :: 		
0x046D	0x207B      	CALL       _Delay_80us
;__Lib_OneWire.c,76 :: 		
0x046E	0x084F      	MOVF       Ow_Write_bit_mask_1_L0, 0
0x046F	0x0480      	IORWF      INDF, 1
;__Lib_OneWire.c,64 :: 		
0x0470	0x0ACD      	INCF       Ow_Write_i_L0, 1
;__Lib_OneWire.c,77 :: 		
0x0471	0x2C58      	GOTO       L_Ow_Write4
L_Ow_Write5:
;__Lib_OneWire.c,78 :: 		
0x0472	0x1384      	BCF        FSR, 7
;__Lib_OneWire.c,80 :: 		
0x0473	0x2003      	CALL       _Delay_50us
;__Lib_OneWire.c,81 :: 		
0x0474	0x2003      	CALL       _Delay_50us
;__Lib_OneWire.c,82 :: 		
L_end_Ow_Write:
0x0475	0x0008      	RETURN
; end of _Ow_Write
___CC2DW:
;__Lib_System.c,134 :: 		
;__Lib_System.c,137 :: 		
_CC2D_Loop1:
;__Lib_System.c,139 :: 		
0x0476	0x2114      	CALL       _____DoICP
0x0477	0x118A      	BCF        PCLATH, 3
0x0478	0x120A      	BCF        PCLATH, 4
;__Lib_System.c,141 :: 		
0x0479	0x0080      	MOVWF      INDF
;__Lib_System.c,142 :: 		
0x047A	0x0A84      	INCF       FSR, 1
;__Lib_System.c,143 :: 		
0x047B	0x0AB0      	INCF       ___DoICPAddr, 1
;__Lib_System.c,145 :: 		
0x047C	0x1903      	BTFSC      STATUS, 2
;__Lib_System.c,146 :: 		
0x047D	0x0AB1      	INCF       ___DoICPAddr+1, 1
;__Lib_System.c,147 :: 		
0x047E	0x03F0      	DECF       R0, 1
;__Lib_System.c,149 :: 		
0x047F	0x1D03      	BTFSS      STATUS, 2
;__Lib_System.c,150 :: 		
0x0480	0x2C76      	GOTO       _CC2D_Loop1
;__Lib_System.c,152 :: 		
L_end___CC2DW:
0x0481	0x0008      	RETURN
; end of ___CC2DW
_Ow_Reset:
;__Lib_OneWire.c,5 :: 		
;__Lib_OneWire.c,8 :: 		
0x0482	0x1283      	BCF        STATUS, 5
0x0483	0x1303      	BCF        STATUS, 6
0x0484	0x084B      	MOVF       FARG_Ow_Reset_pin, 0
0x0485	0x00F1      	MOVWF      R1
0x0486	0x3001      	MOVLW      1
0x0487	0x00F0      	MOVWF      R0
0x0488	0x0871      	MOVF       R1, 0
L__Ow_Reset9:
0x0489	0x1903      	BTFSC      STATUS, 2
0x048A	0x2C8F      	GOTO       L__Ow_Reset10
0x048B	0x0DF0      	RLF        R0, 1
0x048C	0x1070      	BCF        R0, 0
0x048D	0x3EFF      	ADDLW      255
0x048E	0x2C89      	GOTO       L__Ow_Reset9
L__Ow_Reset10:
0x048F	0x0870      	MOVF       R0, 0
0x0490	0x00CD      	MOVWF      Ow_Reset_bit_mask_1_L0
;__Lib_OneWire.c,9 :: 		
0x0491	0x09F0      	COMF       R0, 1
;__Lib_OneWire.c,11 :: 		
0x0492	0x084A      	MOVF       FARG_Ow_Reset_port, 0
0x0493	0x0084      	MOVWF      FSR
;__Lib_OneWire.c,12 :: 		
0x0494	0x0870      	MOVF       R0, 0
0x0495	0x0580      	ANDWF      INDF, 1
;__Lib_OneWire.c,13 :: 		
0x0496	0x1784      	BSF        FSR, 7
;__Lib_OneWire.c,14 :: 		
0x0497	0x0870      	MOVF       R0, 0
0x0498	0x0580      	ANDWF      INDF, 1
;__Lib_OneWire.c,15 :: 		
0x0499	0x2084      	CALL       _Delay_500us
;__Lib_OneWire.c,16 :: 		
0x049A	0x084D      	MOVF       Ow_Reset_bit_mask_1_L0, 0
0x049B	0x0480      	IORWF      INDF, 1
;__Lib_OneWire.c,18 :: 		
0x049C	0x1384      	BCF        FSR, 7
;__Lib_OneWire.c,19 :: 		
0x049D	0x207B      	CALL       _Delay_80us
;__Lib_OneWire.c,20 :: 		
0x049E	0x084D      	MOVF       Ow_Reset_bit_mask_1_L0, 0
0x049F	0x0500      	ANDWF      INDF, 0
0x04A0	0x00CC      	MOVWF      Ow_Reset_res_L0
0x04A1	0x084C      	MOVF       Ow_Reset_res_L0, 0
0x04A2	0x3A00      	XORLW      0
0x04A3	0x3001      	MOVLW      1
0x04A4	0x1903      	BTFSC      STATUS, 2
0x04A5	0x3000      	MOVLW      0
0x04A6	0x00CC      	MOVWF      Ow_Reset_res_L0
;__Lib_OneWire.c,21 :: 		
0x04A7	0x2084      	CALL       _Delay_500us
;__Lib_OneWire.c,22 :: 		
0x04A8	0x084C      	MOVF       Ow_Reset_res_L0, 0
0x04A9	0x00F0      	MOVWF      R0
;__Lib_OneWire.c,23 :: 		
L_end_Ow_Reset:
0x04AA	0x0008      	RETURN
; end of _Ow_Reset
_Lcd_Out:
;__Lib_Lcd.c,184 :: 		
;__Lib_Lcd.c,187 :: 		
0x04AB	0x2CBD      	GOTO       L_Lcd_Out11
;__Lib_Lcd.c,188 :: 		
L_Lcd_Out13:
0x04AC	0x3080      	MOVLW      128
0x04AD	0x1283      	BCF        STATUS, 5
0x04AE	0x1303      	BCF        STATUS, 6
0x04AF	0x00CA      	MOVWF      FARG_Lcd_Out_row
0x04B0	0x2CD0      	GOTO       L_Lcd_Out12
;__Lib_Lcd.c,189 :: 		
L_Lcd_Out14:
0x04B1	0x30C0      	MOVLW      192
0x04B2	0x00CA      	MOVWF      FARG_Lcd_Out_row
0x04B3	0x2CD0      	GOTO       L_Lcd_Out12
;__Lib_Lcd.c,190 :: 		
L_Lcd_Out15:
0x04B4	0x3094      	MOVLW      148
0x04B5	0x00CA      	MOVWF      FARG_Lcd_Out_row
0x04B6	0x2CD0      	GOTO       L_Lcd_Out12
;__Lib_Lcd.c,191 :: 		
L_Lcd_Out16:
0x04B7	0x30D4      	MOVLW      212
0x04B8	0x00CA      	MOVWF      FARG_Lcd_Out_row
0x04B9	0x2CD0      	GOTO       L_Lcd_Out12
;__Lib_Lcd.c,192 :: 		
L_Lcd_Out17:
0x04BA	0x3080      	MOVLW      128
0x04BB	0x00CA      	MOVWF      FARG_Lcd_Out_row
;__Lib_Lcd.c,193 :: 		
0x04BC	0x2CD0      	GOTO       L_Lcd_Out12
L_Lcd_Out11:
0x04BD	0x1283      	BCF        STATUS, 5
0x04BE	0x1303      	BCF        STATUS, 6
0x04BF	0x084A      	MOVF       FARG_Lcd_Out_row, 0
0x04C0	0x3A01      	XORLW      1
0x04C1	0x1903      	BTFSC      STATUS, 2
0x04C2	0x2CAC      	GOTO       L_Lcd_Out13
0x04C3	0x084A      	MOVF       FARG_Lcd_Out_row, 0
0x04C4	0x3A02      	XORLW      2
0x04C5	0x1903      	BTFSC      STATUS, 2
0x04C6	0x2CB1      	GOTO       L_Lcd_Out14
0x04C7	0x084A      	MOVF       FARG_Lcd_Out_row, 0
0x04C8	0x3A03      	XORLW      3
0x04C9	0x1903      	BTFSC      STATUS, 2
0x04CA	0x2CB4      	GOTO       L_Lcd_Out15
0x04CB	0x084A      	MOVF       FARG_Lcd_Out_row, 0
0x04CC	0x3A04      	XORLW      4
0x04CD	0x1903      	BTFSC      STATUS, 2
0x04CE	0x2CB7      	GOTO       L_Lcd_Out16
0x04CF	0x2CBA      	GOTO       L_Lcd_Out17
L_Lcd_Out12:
;__Lib_Lcd.c,194 :: 		
0x04D0	0x034B      	DECF       FARG_Lcd_Out_column, 0
0x04D1	0x00F0      	MOVWF      R0
0x04D2	0x084A      	MOVF       FARG_Lcd_Out_row, 0
0x04D3	0x07F0      	ADDWF      R0, 1
0x04D4	0x0870      	MOVF       R0, 0
0x04D5	0x00CA      	MOVWF      FARG_Lcd_Out_row
;__Lib_Lcd.c,196 :: 		
0x04D6	0x0870      	MOVF       R0, 0
0x04D7	0x00D9      	MOVWF      FARG_Lcd_Cmd_out_char
0x04D8	0x2024      	CALL       _Lcd_Cmd
;__Lib_Lcd.c,197 :: 		
0x04D9	0x1032      	BCF        __Lib_Lcd_cmd_status, BitPos(__Lib_Lcd_cmd_status+0)
;__Lib_Lcd.c,198 :: 		
0x04DA	0x01CD      	CLRF       Lcd_Out_i_L0
;__Lib_Lcd.c,199 :: 		
L_Lcd_Out18:
0x04DB	0x084D      	MOVF       Lcd_Out_i_L0, 0
0x04DC	0x074C      	ADDWF      FARG_Lcd_Out_text, 0
0x04DD	0x0084      	MOVWF      FSR
0x04DE	0x0800      	MOVF       INDF, 0
0x04DF	0x1903      	BTFSC      STATUS, 2
0x04E0	0x2CE9      	GOTO       L_Lcd_Out19
;__Lib_Lcd.c,200 :: 		
0x04E1	0x084D      	MOVF       Lcd_Out_i_L0, 0
0x04E2	0x074C      	ADDWF      FARG_Lcd_Out_text, 0
0x04E3	0x0084      	MOVWF      FSR
0x04E4	0x0800      	MOVF       INDF, 0
0x04E5	0x00D7      	MOVWF      FARG_Lcd_Chr_CP_out_char
0x04E6	0x208D      	CALL       _Lcd_Chr_CP
0x04E7	0x0ACD      	INCF       Lcd_Out_i_L0, 1
0x04E8	0x2CDB      	GOTO       L_Lcd_Out18
L_Lcd_Out19:
;__Lib_Lcd.c,201 :: 		
0x04E9	0x1432      	BSF        __Lib_Lcd_cmd_status, BitPos(__Lib_Lcd_cmd_status+0)
;__Lib_Lcd.c,202 :: 		
L_end_Lcd_Out:
0x04EA	0x0008      	RETURN
; end of _Lcd_Out
_Lcd_Init:
;__Lib_Lcd.c,84 :: 		
;__Lib_Lcd.c,86 :: 		
0x04EB	0x1683      	BSF        STATUS, 5
0x04EC	0x1303      	BCF        STATUS, 6
0x04ED	0x1186      	BCF        LCD_EN_Direction, BitPos(LCD_EN_Direction+0)
;__Lib_Lcd.c,87 :: 		
0x04EE	0x1106      	BCF        LCD_RS_Direction, BitPos(LCD_RS_Direction+0)
;__Lib_Lcd.c,88 :: 		
0x04EF	0x1206      	BCF        LCD_D4_Direction, BitPos(LCD_D4_Direction+0)
;__Lib_Lcd.c,89 :: 		
0x04F0	0x1286      	BCF        LCD_D5_Direction, BitPos(LCD_D5_Direction+0)
;__Lib_Lcd.c,90 :: 		
0x04F1	0x1306      	BCF        LCD_D6_Direction, BitPos(LCD_D6_Direction+0)
;__Lib_Lcd.c,91 :: 		
0x04F2	0x1386      	BCF        LCD_D7_Direction, BitPos(LCD_D7_Direction+0)
;__Lib_Lcd.c,93 :: 		
0x04F3	0x1283      	BCF        STATUS, 5
0x04F4	0x1186      	BCF        LCD_EN, BitPos(LCD_EN+0)
;__Lib_Lcd.c,94 :: 		
0x04F5	0x1106      	BCF        LCD_RS, BitPos(LCD_RS+0)
;__Lib_Lcd.c,95 :: 		
0x04F6	0x1386      	BCF        LCD_D7, BitPos(LCD_D7+0)
;__Lib_Lcd.c,96 :: 		
0x04F7	0x1306      	BCF        LCD_D6, BitPos(LCD_D6+0)
;__Lib_Lcd.c,97 :: 		
0x04F8	0x1286      	BCF        LCD_D5, BitPos(LCD_D5+0)
;__Lib_Lcd.c,98 :: 		
0x04F9	0x1206      	BCF        LCD_D4, BitPos(LCD_D4+0)
;__Lib_Lcd.c,100 :: 		
0x04FA	0x200B      	CALL       _Delay_5500us
;__Lib_Lcd.c,101 :: 		
0x04FB	0x200B      	CALL       _Delay_5500us
;__Lib_Lcd.c,102 :: 		
0x04FC	0x200B      	CALL       _Delay_5500us
;__Lib_Lcd.c,105 :: 		
0x04FD	0x1686      	BSF        LCD_D5, BitPos(LCD_D5+0)
;__Lib_Lcd.c,106 :: 		
0x04FE	0x1606      	BSF        LCD_D4, BitPos(LCD_D4+0)
;__Lib_Lcd.c,107 :: 		
0x04FF	0x1586      	BSF        LCD_EN, BitPos(LCD_EN+0)
;__Lib_Lcd.c,108 :: 		
0x0500	0x2016      	CALL       _Delay_1us
;__Lib_Lcd.c,109 :: 		
0x0501	0x1186      	BCF        LCD_EN, BitPos(LCD_EN+0)
;__Lib_Lcd.c,110 :: 		
0x0502	0x200B      	CALL       _Delay_5500us
;__Lib_Lcd.c,112 :: 		
0x0503	0x1586      	BSF        LCD_EN, BitPos(LCD_EN+0)
;__Lib_Lcd.c,113 :: 		
0x0504	0x2016      	CALL       _Delay_1us
;__Lib_Lcd.c,114 :: 		
0x0505	0x1186      	BCF        LCD_EN, BitPos(LCD_EN+0)
;__Lib_Lcd.c,115 :: 		
0x0506	0x200B      	CALL       _Delay_5500us
;__Lib_Lcd.c,117 :: 		
0x0507	0x1586      	BSF        LCD_EN, BitPos(LCD_EN+0)
;__Lib_Lcd.c,118 :: 		
0x0508	0x2016      	CALL       _Delay_1us
;__Lib_Lcd.c,119 :: 		
0x0509	0x1186      	BCF        LCD_EN, BitPos(LCD_EN+0)
;__Lib_Lcd.c,120 :: 		
0x050A	0x200B      	CALL       _Delay_5500us
;__Lib_Lcd.c,123 :: 		
0x050B	0x1206      	BCF        LCD_D4, BitPos(LCD_D4+0)
;__Lib_Lcd.c,124 :: 		
0x050C	0x1586      	BSF        LCD_EN, BitPos(LCD_EN+0)
;__Lib_Lcd.c,125 :: 		
0x050D	0x2016      	CALL       _Delay_1us
;__Lib_Lcd.c,126 :: 		
0x050E	0x1186      	BCF        LCD_EN, BitPos(LCD_EN+0)
;__Lib_Lcd.c,127 :: 		
0x050F	0x200B      	CALL       _Delay_5500us
;__Lib_Lcd.c,130 :: 		
0x0510	0x1586      	BSF        LCD_EN, BitPos(LCD_EN+0)
;__Lib_Lcd.c,131 :: 		
0x0511	0x2016      	CALL       _Delay_1us
;__Lib_Lcd.c,132 :: 		
0x0512	0x1186      	BCF        LCD_EN, BitPos(LCD_EN+0)
;__Lib_Lcd.c,134 :: 		
0x0513	0x1286      	BCF        LCD_D5, BitPos(LCD_D5+0)
;__Lib_Lcd.c,135 :: 		
0x0514	0x1786      	BSF        LCD_D7, BitPos(LCD_D7+0)
;__Lib_Lcd.c,136 :: 		
0x0515	0x1586      	BSF        LCD_EN, BitPos(LCD_EN+0)
;__Lib_Lcd.c,137 :: 		
0x0516	0x2016      	CALL       _Delay_1us
;__Lib_Lcd.c,138 :: 		
0x0517	0x1186      	BCF        LCD_EN, BitPos(LCD_EN+0)
;__Lib_Lcd.c,139 :: 		
0x0518	0x200B      	CALL       _Delay_5500us
;__Lib_Lcd.c,142 :: 		
0x0519	0x1386      	BCF        LCD_D7, BitPos(LCD_D7+0)
;__Lib_Lcd.c,143 :: 		
0x051A	0x1606      	BSF        LCD_D4, BitPos(LCD_D4+0)
;__Lib_Lcd.c,144 :: 		
0x051B	0x1586      	BSF        LCD_EN, BitPos(LCD_EN+0)
;__Lib_Lcd.c,145 :: 		
0x051C	0x2016      	CALL       _Delay_1us
;__Lib_Lcd.c,146 :: 		
0x051D	0x1186      	BCF        LCD_EN, BitPos(LCD_EN+0)
;__Lib_Lcd.c,148 :: 		
0x051E	0x1206      	BCF        LCD_D4, BitPos(LCD_D4+0)
;__Lib_Lcd.c,149 :: 		
0x051F	0x1586      	BSF        LCD_EN, BitPos(LCD_EN+0)
;__Lib_Lcd.c,150 :: 		
0x0520	0x2016      	CALL       _Delay_1us
;__Lib_Lcd.c,151 :: 		
0x0521	0x1186      	BCF        LCD_EN, BitPos(LCD_EN+0)
;__Lib_Lcd.c,152 :: 		
0x0522	0x200B      	CALL       _Delay_5500us
;__Lib_Lcd.c,155 :: 		
0x0523	0x1586      	BSF        LCD_EN, BitPos(LCD_EN+0)
;__Lib_Lcd.c,156 :: 		
0x0524	0x2016      	CALL       _Delay_1us
;__Lib_Lcd.c,157 :: 		
0x0525	0x1186      	BCF        LCD_EN, BitPos(LCD_EN+0)
;__Lib_Lcd.c,159 :: 		
0x0526	0x1606      	BSF        LCD_D4, BitPos(LCD_D4+0)
;__Lib_Lcd.c,160 :: 		
0x0527	0x1586      	BSF        LCD_EN, BitPos(LCD_EN+0)
;__Lib_Lcd.c,161 :: 		
0x0528	0x2016      	CALL       _Delay_1us
;__Lib_Lcd.c,162 :: 		
0x0529	0x1186      	BCF        LCD_EN, BitPos(LCD_EN+0)
;__Lib_Lcd.c,163 :: 		
0x052A	0x200B      	CALL       _Delay_5500us
;__Lib_Lcd.c,166 :: 		
0x052B	0x1206      	BCF        LCD_D4, BitPos(LCD_D4+0)
;__Lib_Lcd.c,167 :: 		
0x052C	0x1586      	BSF        LCD_EN, BitPos(LCD_EN+0)
;__Lib_Lcd.c,168 :: 		
0x052D	0x2016      	CALL       _Delay_1us
;__Lib_Lcd.c,169 :: 		
0x052E	0x1186      	BCF        LCD_EN, BitPos(LCD_EN+0)
;__Lib_Lcd.c,171 :: 		
0x052F	0x1786      	BSF        LCD_D7, BitPos(LCD_D7+0)
;__Lib_Lcd.c,172 :: 		
0x0530	0x1706      	BSF        LCD_D6, BitPos(LCD_D6+0)
;__Lib_Lcd.c,173 :: 		
0x0531	0x1686      	BSF        LCD_D5, BitPos(LCD_D5+0)
;__Lib_Lcd.c,174 :: 		
0x0532	0x1606      	BSF        LCD_D4, BitPos(LCD_D4+0)
;__Lib_Lcd.c,175 :: 		
0x0533	0x1586      	BSF        LCD_EN, BitPos(LCD_EN+0)
;__Lib_Lcd.c,176 :: 		
0x0534	0x2016      	CALL       _Delay_1us
;__Lib_Lcd.c,177 :: 		
0x0535	0x1186      	BCF        LCD_EN, BitPos(LCD_EN+0)
;__Lib_Lcd.c,179 :: 		
0x0536	0x200B      	CALL       _Delay_5500us
;__Lib_Lcd.c,181 :: 		
0x0537	0x1432      	BSF        __Lib_Lcd_cmd_status, BitPos(__Lib_Lcd_cmd_status+0)
;__Lib_Lcd.c,182 :: 		
L_end_Lcd_Init:
0x0538	0x0008      	RETURN
; end of _Lcd_Init
_main:
0x0539	0x25D8      	CALL       1496
;MyProject.c,20 :: 		void main() {
;MyProject.c,21 :: 		cmcon=7;
0x053A	0x3007      	MOVLW      7
0x053B	0x1683      	BSF        STATUS, 5
0x053C	0x1303      	BCF        STATUS, 6
0x053D	0x009C      	MOVWF      CMCON
;MyProject.c,22 :: 		trisb=0;
0x053E	0x0186      	CLRF       TRISB
;MyProject.c,23 :: 		portb=0;
0x053F	0x1283      	BCF        STATUS, 5
0x0540	0x0186      	CLRF       PORTB
;MyProject.c,24 :: 		lcd_init();
0x0541	0x24EB      	CALL       _Lcd_Init
;MyProject.c,25 :: 		Lcd_Cmd(_LCD_CURSOR_OFF);
0x0542	0x300C      	MOVLW      12
0x0543	0x00D9      	MOVWF      FARG_Lcd_Cmd_out_char
0x0544	0x2024      	CALL       _Lcd_Cmd
;MyProject.c,26 :: 		Lcd_Cmd(_LCD_CLEAR);
0x0545	0x3001      	MOVLW      1
0x0546	0x00D9      	MOVWF      FARG_Lcd_Cmd_out_char
0x0547	0x2024      	CALL       _Lcd_Cmd
;MyProject.c,30 :: 		do {
L_main0:
;MyProject.c,32 :: 		Ow_Reset(&PORTA, 0);                         // Onewire reset signal
0x0548	0x3005      	MOVLW      PORTA
0x0549	0x00CA      	MOVWF      FARG_Ow_Reset_port
0x054A	0x01CB      	CLRF       FARG_Ow_Reset_pin
0x054B	0x2482      	CALL       _Ow_Reset
;MyProject.c,33 :: 		Ow_Write(&PORTA, 0, 0xCC);                   // SKIP_ROM Komutu
0x054C	0x3005      	MOVLW      PORTA
0x054D	0x00CA      	MOVWF      FARG_Ow_Write_port
0x054E	0x01CB      	CLRF       FARG_Ow_Write_pin
0x054F	0x30CC      	MOVLW      204
0x0550	0x00CC      	MOVWF      FARG_Ow_Write_data_
0x0551	0x2440      	CALL       _Ow_Write
;MyProject.c,34 :: 		Ow_Write(&PORTA, 0, 0x44);                   // CONVERT_T Komutu
0x0552	0x3005      	MOVLW      PORTA
0x0553	0x00CA      	MOVWF      FARG_Ow_Write_port
0x0554	0x01CB      	CLRF       FARG_Ow_Write_pin
0x0555	0x3044      	MOVLW      68
0x0556	0x00CC      	MOVWF      FARG_Ow_Write_data_
0x0557	0x2440      	CALL       _Ow_Write
;MyProject.c,36 :: 		Delay_ms(750);   //Dnm iin bekleniyor.
0x0558	0x3004      	MOVLW      4
0x0559	0x00FB      	MOVWF      R11
0x055A	0x30CF      	MOVLW      207
0x055B	0x00FC      	MOVWF      R12
0x055C	0x3001      	MOVLW      1
0x055D	0x00FD      	MOVWF      R13
L_main3:
0x055E	0x0BFD      	DECFSZ     R13, 1
0x055F	0x2D5E      	GOTO       L_main3
0x0560	0x0BFC      	DECFSZ     R12, 1
0x0561	0x2D5E      	GOTO       L_main3
0x0562	0x0BFB      	DECFSZ     R11, 1
0x0563	0x2D5E      	GOTO       L_main3
0x0564	0x0000      	NOP
0x0565	0x0000      	NOP
;MyProject.c,38 :: 		Ow_Reset(&PORTA, 0);
0x0566	0x3005      	MOVLW      PORTA
0x0567	0x00CA      	MOVWF      FARG_Ow_Reset_port
0x0568	0x01CB      	CLRF       FARG_Ow_Reset_pin
0x0569	0x2482      	CALL       _Ow_Reset
;MyProject.c,39 :: 		Ow_Write(&PORTA, 0, 0xCC);                   // SKIP_ROM Komutu
0x056A	0x3005      	MOVLW      PORTA
0x056B	0x00CA      	MOVWF      FARG_Ow_Write_port
0x056C	0x01CB      	CLRF       FARG_Ow_Write_pin
0x056D	0x30CC      	MOVLW      204
0x056E	0x00CC      	MOVWF      FARG_Ow_Write_data_
0x056F	0x2440      	CALL       _Ow_Write
;MyProject.c,40 :: 		Ow_Write(&PORTA, 0, 0xBE);                   // READ_SCRATCHPAD Komutu
0x0570	0x3005      	MOVLW      PORTA
0x0571	0x00CA      	MOVWF      FARG_Ow_Write_port
0x0572	0x01CB      	CLRF       FARG_Ow_Write_pin
0x0573	0x30BE      	MOVLW      190
0x0574	0x00CC      	MOVWF      FARG_Ow_Write_data_
0x0575	0x2440      	CALL       _Ow_Write
;MyProject.c,42 :: 		templsb =  Ow_Read(&PORTA, 0); // lsb'yi oku
0x0576	0x3005      	MOVLW      PORTA
0x0577	0x00CA      	MOVWF      FARG_Ow_Read_port
0x0578	0x01CB      	CLRF       FARG_Ow_Read_pin
0x0579	0x2404      	CALL       _Ow_Read
0x057A	0x0870      	MOVF       R0, 0
0x057B	0x00B3      	MOVWF      _templsb
0x057C	0x01B4      	CLRF       _templsb+1
;MyProject.c,43 :: 		tempmsb =  Ow_Read(&PORTA, 0); //msb'yi oku
0x057D	0x3005      	MOVLW      PORTA
0x057E	0x00CA      	MOVWF      FARG_Ow_Read_port
0x057F	0x01CB      	CLRF       FARG_Ow_Read_pin
0x0580	0x2404      	CALL       _Ow_Read
0x0581	0x0870      	MOVF       R0, 0
0x0582	0x00B5      	MOVWF      _tempmsb
0x0583	0x01B6      	CLRF       _tempmsb+1
;MyProject.c,46 :: 		isi=((tempmsb<<8)+templsb)*0.0625;// sy hesapla
0x0584	0x0835      	MOVF       _tempmsb, 0
0x0585	0x00F1      	MOVWF      R0+1
0x0586	0x01F0      	CLRF       R0
0x0587	0x0833      	MOVF       _templsb, 0
0x0588	0x07F0      	ADDWF      R0, 1
0x0589	0x0834      	MOVF       _templsb+1, 0
0x058A	0x1803      	BTFSC      STATUS, 0
0x058B	0x3E01      	ADDLW      1
0x058C	0x07F1      	ADDWF      R0+1, 1
0x058D	0x21E8      	CALL       _int2double
0x058E	0x3000      	MOVLW      0
0x058F	0x00F4      	MOVWF      R4
0x0590	0x3000      	MOVLW      0
0x0591	0x00F5      	MOVWF      R4+1
0x0592	0x3000      	MOVLW      0
0x0593	0x00F6      	MOVWF      R4+2
0x0594	0x307B      	MOVLW      123
0x0595	0x00F7      	MOVWF      R4+3
0x0596	0x216C      	CALL       _Mul_32x32_FP
0x0597	0x0870      	MOVF       R0, 0
0x0598	0x00C6      	MOVWF      _isi
0x0599	0x0871      	MOVF       R0+1, 0
0x059A	0x00C7      	MOVWF      _isi+1
0x059B	0x0872      	MOVF       R0+2, 0
0x059C	0x00C8      	MOVWF      _isi+2
0x059D	0x0873      	MOVF       R0+3, 0
0x059E	0x00C9      	MOVWF      _isi+3
;MyProject.c,47 :: 		floattostr(isi,txt); //isi deerini stringe dntr
0x059F	0x0870      	MOVF       R0, 0
0x05A0	0x00CA      	MOVWF      FARG_FloatToStr_fnum
0x05A1	0x0871      	MOVF       R0+1, 0
0x05A2	0x00CB      	MOVWF      FARG_FloatToStr_fnum+1
0x05A3	0x0872      	MOVF       R0+2, 0
0x05A4	0x00CC      	MOVWF      FARG_FloatToStr_fnum+2
0x05A5	0x0873      	MOVF       R0+3, 0
0x05A6	0x00CD      	MOVWF      FARG_FloatToStr_fnum+3
0x05A7	0x3037      	MOVLW      _txt
0x05A8	0x00CE      	MOVWF      FARG_FloatToStr_str
0x05A9	0x2206      	CALL       _FloatToStr
;MyProject.c,48 :: 		lcd_cmd(_LCD_CLEAR); // lcd'yi temizle
0x05AA	0x3001      	MOVLW      1
0x05AB	0x00D9      	MOVWF      FARG_Lcd_Cmd_out_char
0x05AC	0x2024      	CALL       _Lcd_Cmd
;MyProject.c,49 :: 		lcd_out(1,1,"ISI=");
0x05AD	0x3001      	MOVLW      1
0x05AE	0x00CA      	MOVWF      FARG_Lcd_Out_row
0x05AF	0x3001      	MOVLW      1
0x05B0	0x00CB      	MOVWF      FARG_Lcd_Out_column
0x05B1	0x3025      	MOVLW      ?lstr1_MyProject
0x05B2	0x00CC      	MOVWF      FARG_Lcd_Out_text
0x05B3	0x24AB      	CALL       _Lcd_Out
;MyProject.c,50 :: 		lcd_out(1,5,txt);
0x05B4	0x3001      	MOVLW      1
0x05B5	0x00CA      	MOVWF      FARG_Lcd_Out_row
0x05B6	0x3005      	MOVLW      5
0x05B7	0x00CB      	MOVWF      FARG_Lcd_Out_column
0x05B8	0x3037      	MOVLW      _txt
0x05B9	0x00CC      	MOVWF      FARG_Lcd_Out_text
0x05BA	0x24AB      	CALL       _Lcd_Out
;MyProject.c,51 :: 		lcd_chr_cp(223); //derece iareti
0x05BB	0x30DF      	MOVLW      223
0x05BC	0x00D7      	MOVWF      FARG_Lcd_Chr_CP_out_char
0x05BD	0x208D      	CALL       _Lcd_Chr_CP
;MyProject.c,52 :: 		lcd_chr_cp('C');
0x05BE	0x3043      	MOVLW      67
0x05BF	0x00D7      	MOVWF      FARG_Lcd_Chr_CP_out_char
0x05C0	0x208D      	CALL       _Lcd_Chr_CP
;MyProject.c,53 :: 		} while (1);
0x05C1	0x2D48      	GOTO       L_main0
;MyProject.c,54 :: 		}
L_end_main:
0x05C2	0x2DC2      	GOTO       $+0
; end of _main
0x05D8	0x3021      	MOVLW      33
0x05D9	0x0084      	MOVWF      FSR
0x05DA	0x300F      	MOVLW      15
0x05DB	0x1283      	BCF        STATUS, 5
0x05DC	0x1303      	BCF        STATUS, 6
0x05DD	0x00F0      	MOVWF      R0
0x05DE	0x30C8      	MOVLW      200
0x05DF	0x00B0      	MOVWF      ___DoICPAddr
0x05E0	0x3005      	MOVLW      5
0x05E1	0x00B1      	MOVWF      49
0x05E2	0x2476      	CALL       1142
0x05E3	0x0008      	RETURN
;__Lib_Conversions.c,0 :: ?ICS?lstr1___Lib_Conversions
0x05C8	0x344E ;?ICS?lstr1___Lib_Conversions+0
0x05C9	0x3461 ;?ICS?lstr1___Lib_Conversions+1
0x05CA	0x344E ;?ICS?lstr1___Lib_Conversions+2
0x05CB	0x3400 ;?ICS?lstr1___Lib_Conversions+3
; end of ?ICS?lstr1___Lib_Conversions
;MyProject.c,0 :: ?ICS?lstr1_MyProject
0x05CC	0x3449 ;?ICS?lstr1_MyProject+0
0x05CD	0x3453 ;?ICS?lstr1_MyProject+1
0x05CE	0x3449 ;?ICS?lstr1_MyProject+2
0x05CF	0x343D ;?ICS?lstr1_MyProject+3
0x05D0	0x3400 ;?ICS?lstr1_MyProject+4
; end of ?ICS?lstr1_MyProject
;__Lib_Conversions.c,0 :: ?ICS?lstr2___Lib_Conversions
0x05D1	0x3430 ;?ICS?lstr2___Lib_Conversions+0
0x05D2	0x3400 ;?ICS?lstr2___Lib_Conversions+1
; end of ?ICS?lstr2___Lib_Conversions
;__Lib_Conversions.c,0 :: ?ICS?lstr3___Lib_Conversions
0x05D3	0x3449 ;?ICS?lstr3___Lib_Conversions+0
0x05D4	0x344E ;?ICS?lstr3___Lib_Conversions+1
0x05D5	0x3446 ;?ICS?lstr3___Lib_Conversions+2
0x05D6	0x3400 ;?ICS?lstr3___Lib_Conversions+3
; end of ?ICS?lstr3___Lib_Conversions
Symbol List:
//** Routines locations **
//ADDRESS    SIZE    PROCEDURE
//----------------------------------------------
0x0003       [8]    _Delay_50us
0x000B      [11]    _Delay_5500us
0x0016       [2]    _Delay_1us
0x0018      [12]    _SETFUN32
0x0024      [64]    _Lcd_Cmd
0x0064       [7]    _RES032
0x006B       [4]    _FIXSIGN32
0x006F      [12]    _SETFOV32
0x007B       [9]    _Delay_80us
0x0084       [9]    _Delay_500us
0x008D       [8]    _Lcd_Chr_CP
0x0095      [47]    _NRM3232
0x00C4      [80]    _Compare_Double
0x0114       [7]    _____DoICP
0x011B      [81]    _Div_8X8_S
0x016C      [97]    _Mul_32x32_FP
0x01CD      [27]    _strcpy
0x01E8      [30]    _int2double
0x0206     [510]    _FloatToStr
0x0404      [60]    _Ow_Read
0x0440      [54]    _Ow_Write
0x0476      [12]    ___CC2DW
0x0482      [41]    _Ow_Reset
0x04AB      [64]    _Lcd_Out
0x04EB      [78]    _Lcd_Init
0x0539     [137]    _main
//** Variables locations ** 
//ADDRESS    SIZE    VARIABLE
//----------------------------------------------
0x0000       [1]    INDF
0x0002       [1]    PCL
0x0003       [1]    STATUS
0x0004       [1]    FSR
0x0005       [1]    PORTA
0x0006       [0]    RB3_bit
0x0006       [0]    LCD_D4
0x0006       [0]    LCD_D5
0x0006       [0]    LCD_EN
0x0006       [0]    LCD_RS
0x0006       [0]    RB2_bit
0x0006       [1]    PORTB
0x0006       [0]    RB5_bit
0x0006       [0]    RB6_bit
0x0006       [0]    RB7_bit
0x0006       [0]    RB4_bit
0x0006       [0]    LCD_D6
0x0006       [0]    LCD_D7
0x000A       [1]    PCLATH
0x0020       [1]    __math_tempbD
0x0021       [4]    ?lstr1___Lib_Conversions
0x0025       [5]    ?lstr1_MyProject
0x002A       [2]    ?lstr2___Lib_Conversions
0x002C       [4]    ?lstr3___Lib_Conversions
0x0030       [2]    ___DoICPAddr
0x0032       [0]    __Lib_Lcd_cmd_status
0x0033       [2]    _templsb
0x0035       [2]    _tempmsb
0x0037      [15]    _txt
0x0046       [4]    _isi
0x004A       [1]    FARG_Lcd_Out_row
0x004A       [1]    FARG_Ow_Read_port
0x004A       [1]    FARG_Ow_Reset_port
0x004A       [1]    FARG_Ow_Write_port
0x004A       [4]    FARG_FloatToStr_fnum
0x004B       [1]    FARG_Ow_Read_pin
0x004B       [1]    FARG_Lcd_Out_column
0x004B       [1]    FARG_Ow_Reset_pin
0x004B       [1]    FARG_Ow_Write_pin
0x004C       [1]    FARG_Lcd_Out_text
0x004C       [1]    FARG_Ow_Write_data_
0x004C       [1]    Ow_Reset_res_L0
0x004C       [1]    Ow_Read_i_L0
0x004D       [1]    Ow_Write_i_L0
0x004D       [1]    Lcd_Out_i_L0
0x004D       [1]    Ow_Read_tmp_L0
0x004D       [1]    Ow_Reset_bit_mask_1_L0
0x004E       [1]    FARG_FloatToStr_str
0x004E       [1]    Ow_Write_bit_mask_0_L0
0x004E       [1]    Ow_Read_bit_mask_0_L0
0x004F       [1]    FloatToStr_i_L0
0x004F       [1]    Ow_Write_bit_mask_1_L0
0x004F       [1]    Ow_Read_bit_mask_1_L0
0x0050       [1]    FloatToStr_d_L0
0x0051       [4]    FloatToStr_un_L0
0x0055       [1]    FloatToStr_bpoint_L0
0x0056       [1]    FloatToStr_dexpon_L0
0x0057       [1]    FARG_strcpy_to
0x0057       [1]    FARG_Lcd_Chr_CP_out_char
0x0058       [1]    FARG_strcpy_from
0x0059       [1]    FARG_Lcd_Cmd_out_char
0x0070       [1]    R0
0x0071       [1]    R1
0x0072       [1]    R2
0x0073       [1]    R3
0x0074       [1]    R4
0x0075       [1]    R5
0x0076       [1]    R6
0x0077       [1]    R7
0x0078       [1]    R8
0x0079       [1]    R9
0x007A       [1]    R10
0x007B       [1]    R11
0x007C       [1]    R12
0x007D       [1]    R13
0x007E       [1]    R14
0x007F       [1]    R15
0x0086       [0]    LCD_RS_Direction
0x0086       [0]    LCD_D6_Direction
0x0086       [0]    LCD_D7_Direction
0x0086       [0]    LCD_D5_Direction
0x0086       [0]    LCD_EN_Direction
0x0086       [0]    LCD_D4_Direction
0x0086       [0]    TRISB3_bit
0x0086       [0]    TRISB4_bit
0x0086       [0]    TRISB2_bit
0x0086       [0]    TRISB7_bit
0x0086       [1]    TRISB
0x0086       [0]    TRISB5_bit
0x0086       [0]    TRISB6_bit
0x009C       [1]    CMCON
//** Constants locations ** 
//ADDRESS    SIZE    CONSTANT
//----------------------------------------------
0x05C8       [4]    ?ICS?lstr1___Lib_Conversions
0x05CC       [5]    ?ICS?lstr1_MyProject
0x05D1       [2]    ?ICS?lstr2___Lib_Conversions
0x05D3       [4]    ?ICS?lstr3___Lib_Conversions
